<?xml version="1.0" encoding="UTF-8"?>
<testsuite xmlns:xsi="http://www.w3.org/2001/XMLSchema-instance" xsi:noNamespaceSchemaLocation="https://maven.apache.org/surefire/maven-surefire-plugin/xsd/surefire-test-report.xsd" name="com.orness.gandalf.core.service.workflowservice.WorkflowServiceApplicationTests" time="2.736" tests="1" errors="1" skipped="0" failures="0">
  <properties>
    <property name="sun.desktop" value="windows"/>
    <property name="awt.toolkit" value="sun.awt.windows.WToolkit"/>
    <property name="file.encoding.pkg" value="sun.io"/>
    <property name="java.specification.version" value="1.8"/>
    <property name="sun.cpu.isalist" value="amd64"/>
    <property name="sun.jnu.encoding" value="Cp1252"/>
    <property name="java.class.path" value="D:\ProjetOrness\gandalf\core\service\workflow-service\target\test-classes;D:\ProjetOrness\gandalf\core\service\workflow-service\target\classes;C:\Users\rfair\.m2\repository\io\zeebe\zeebe-client-java\0.17.0\zeebe-client-java-0.17.0.jar;C:\Users\rfair\.m2\repository\io\zeebe\zeebe-bpmn-model\0.17.0\zeebe-bpmn-model-0.17.0.jar;C:\Users\rfair\.m2\repository\org\camunda\bpm\model\camunda-xml-model\7.10.0\camunda-xml-model-7.10.0.jar;C:\Users\rfair\.m2\repository\com\fasterxml\jackson\core\jackson-core\2.9.7\jackson-core-2.9.7.jar;C:\Users\rfair\.m2\repository\com\fasterxml\jackson\core\jackson-databind\2.9.7\jackson-databind-2.9.7.jar;C:\Users\rfair\.m2\repository\com\fasterxml\jackson\core\jackson-annotations\2.9.0\jackson-annotations-2.9.0.jar;C:\Users\rfair\.m2\repository\io\zeebe\zeebe-gateway-protocol\0.17.0\zeebe-gateway-protocol-0.17.0.jar;C:\Users\rfair\.m2\repository\org\slf4j\slf4j-api\1.7.25\slf4j-api-1.7.25.jar;C:\Users\rfair\.m2\repository\io\zeebe\zeebe-util\0.17.0\zeebe-util-0.17.0.jar;C:\Users\rfair\.m2\repository\io\grpc\grpc-stub\1.19.0\grpc-stub-1.19.0.jar;C:\Users\rfair\.m2\repository\io\grpc\grpc-core\1.19.0\grpc-core-1.19.0.jar;C:\Users\rfair\.m2\repository\io\grpc\grpc-context\1.19.0\grpc-context-1.19.0.jar;C:\Users\rfair\.m2\repository\com\google\code\gson\gson\2.8.5\gson-2.8.5.jar;C:\Users\rfair\.m2\repository\com\google\errorprone\error_prone_annotations\2.2.0\error_prone_annotations-2.2.0.jar;C:\Users\rfair\.m2\repository\com\google\code\findbugs\jsr305\3.0.2\jsr305-3.0.2.jar;C:\Users\rfair\.m2\repository\org\codehaus\mojo\animal-sniffer-annotations\1.17\animal-sniffer-annotations-1.17.jar;C:\Users\rfair\.m2\repository\io\opencensus\opencensus-api\0.19.2\opencensus-api-0.19.2.jar;C:\Users\rfair\.m2\repository\io\opencensus\opencensus-contrib-grpc-metrics\0.19.2\opencensus-contrib-grpc-metrics-0.19.2.jar;C:\Users\rfair\.m2\repository\io\grpc\grpc-netty\1.19.0\grpc-netty-1.19.0.jar;C:\Users\rfair\.m2\repository\io\netty\netty-codec-http2\4.1.31.Final\netty-codec-http2-4.1.31.Final.jar;C:\Users\rfair\.m2\repository\io\netty\netty-handler\4.1.31.Final\netty-handler-4.1.31.Final.jar;C:\Users\rfair\.m2\repository\io\netty\netty-handler-proxy\4.1.31.Final\netty-handler-proxy-4.1.31.Final.jar;C:\Users\rfair\.m2\repository\io\netty\netty-codec-socks\4.1.31.Final\netty-codec-socks-4.1.31.Final.jar;C:\Users\rfair\.m2\repository\com\google\guava\guava\27.1-jre\guava-27.1-jre.jar;C:\Users\rfair\.m2\repository\com\google\guava\failureaccess\1.0.1\failureaccess-1.0.1.jar;C:\Users\rfair\.m2\repository\com\google\guava\listenablefuture\9999.0-empty-to-avoid-conflict-with-guava\listenablefuture-9999.0-empty-to-avoid-conflict-with-guava.jar;C:\Users\rfair\.m2\repository\org\checkerframework\checker-qual\2.5.2\checker-qual-2.5.2.jar;C:\Users\rfair\.m2\repository\com\google\j2objc\j2objc-annotations\1.1\j2objc-annotations-1.1.jar;C:\Users\rfair\.m2\repository\com\google\protobuf\protobuf-java\3.7.0\protobuf-java-3.7.0.jar;C:\Users\rfair\.m2\repository\org\springframework\boot\spring-boot-starter-actuator\2.1.1.RELEASE\spring-boot-starter-actuator-2.1.1.RELEASE.jar;C:\Users\rfair\.m2\repository\org\springframework\boot\spring-boot-starter\2.1.1.RELEASE\spring-boot-starter-2.1.1.RELEASE.jar;C:\Users\rfair\.m2\repository\org\springframework\boot\spring-boot\2.1.1.RELEASE\spring-boot-2.1.1.RELEASE.jar;C:\Users\rfair\.m2\repository\org\springframework\boot\spring-boot-autoconfigure\2.1.1.RELEASE\spring-boot-autoconfigure-2.1.1.RELEASE.jar;C:\Users\rfair\.m2\repository\org\springframework\boot\spring-boot-starter-logging\2.1.1.RELEASE\spring-boot-starter-logging-2.1.1.RELEASE.jar;C:\Users\rfair\.m2\repository\ch\qos\logback\logback-classic\1.2.3\logback-classic-1.2.3.jar;C:\Users\rfair\.m2\repository\ch\qos\logback\logback-core\1.2.3\logback-core-1.2.3.jar;C:\Users\rfair\.m2\repository\org\apache\logging\log4j\log4j-to-slf4j\2.11.1\log4j-to-slf4j-2.11.1.jar;C:\Users\rfair\.m2\repository\org\apache\logging\log4j\log4j-api\2.11.1\log4j-api-2.11.1.jar;C:\Users\rfair\.m2\repository\org\slf4j\jul-to-slf4j\1.7.25\jul-to-slf4j-1.7.25.jar;C:\Users\rfair\.m2\repository\javax\annotation\javax.annotation-api\1.3.2\javax.annotation-api-1.3.2.jar;C:\Users\rfair\.m2\repository\org\yaml\snakeyaml\1.23\snakeyaml-1.23.jar;C:\Users\rfair\.m2\repository\org\springframework\boot\spring-boot-actuator-autoconfigure\2.1.1.RELEASE\spring-boot-actuator-autoconfigure-2.1.1.RELEASE.jar;C:\Users\rfair\.m2\repository\org\springframework\boot\spring-boot-actuator\2.1.1.RELEASE\spring-boot-actuator-2.1.1.RELEASE.jar;C:\Users\rfair\.m2\repository\org\springframework\spring-context\5.1.3.RELEASE\spring-context-5.1.3.RELEASE.jar;C:\Users\rfair\.m2\repository\com\fasterxml\jackson\datatype\jackson-datatype-jsr310\2.9.7\jackson-datatype-jsr310-2.9.7.jar;C:\Users\rfair\.m2\repository\io\micrometer\micrometer-core\1.1.1\micrometer-core-1.1.1.jar;C:\Users\rfair\.m2\repository\org\hdrhistogram\HdrHistogram\2.1.9\HdrHistogram-2.1.9.jar;C:\Users\rfair\.m2\repository\org\latencyutils\LatencyUtils\2.0.3\LatencyUtils-2.0.3.jar;C:\Users\rfair\.m2\repository\com\h2database\h2\1.4.197\h2-1.4.197.jar;C:\Users\rfair\.m2\repository\org\springframework\boot\spring-boot-starter-data-rest\2.1.1.RELEASE\spring-boot-starter-data-rest-2.1.1.RELEASE.jar;C:\Users\rfair\.m2\repository\org\springframework\data\spring-data-rest-webmvc\3.1.3.RELEASE\spring-data-rest-webmvc-3.1.3.RELEASE.jar;C:\Users\rfair\.m2\repository\org\springframework\data\spring-data-rest-core\3.1.3.RELEASE\spring-data-rest-core-3.1.3.RELEASE.jar;C:\Users\rfair\.m2\repository\org\springframework\hateoas\spring-hateoas\0.25.0.RELEASE\spring-hateoas-0.25.0.RELEASE.jar;C:\Users\rfair\.m2\repository\org\springframework\plugin\spring-plugin-core\1.2.0.RELEASE\spring-plugin-core-1.2.0.RELEASE.jar;C:\Users\rfair\.m2\repository\org\atteo\evo-inflector\1.2.2\evo-inflector-1.2.2.jar;C:\Users\rfair\.m2\repository\org\springframework\boot\spring-boot-starter-data-jpa\2.1.1.RELEASE\spring-boot-starter-data-jpa-2.1.1.RELEASE.jar;C:\Users\rfair\.m2\repository\org\springframework\boot\spring-boot-starter-aop\2.1.1.RELEASE\spring-boot-starter-aop-2.1.1.RELEASE.jar;C:\Users\rfair\.m2\repository\org\springframework\spring-aop\5.1.3.RELEASE\spring-aop-5.1.3.RELEASE.jar;C:\Users\rfair\.m2\repository\org\aspectj\aspectjweaver\1.9.2\aspectjweaver-1.9.2.jar;C:\Users\rfair\.m2\repository\org\springframework\boot\spring-boot-starter-jdbc\2.1.1.RELEASE\spring-boot-starter-jdbc-2.1.1.RELEASE.jar;C:\Users\rfair\.m2\repository\com\zaxxer\HikariCP\3.2.0\HikariCP-3.2.0.jar;C:\Users\rfair\.m2\repository\org\springframework\spring-jdbc\5.1.3.RELEASE\spring-jdbc-5.1.3.RELEASE.jar;C:\Users\rfair\.m2\repository\javax\transaction\javax.transaction-api\1.3\javax.transaction-api-1.3.jar;C:\Users\rfair\.m2\repository\javax\xml\bind\jaxb-api\2.3.1\jaxb-api-2.3.1.jar;C:\Users\rfair\.m2\repository\javax\activation\javax.activation-api\1.2.0\javax.activation-api-1.2.0.jar;C:\Users\rfair\.m2\repository\org\hibernate\hibernate-core\5.3.7.Final\hibernate-core-5.3.7.Final.jar;C:\Users\rfair\.m2\repository\org\jboss\logging\jboss-logging\3.3.2.Final\jboss-logging-3.3.2.Final.jar;C:\Users\rfair\.m2\repository\javax\persistence\javax.persistence-api\2.2\javax.persistence-api-2.2.jar;C:\Users\rfair\.m2\repository\org\javassist\javassist\3.23.1-GA\javassist-3.23.1-GA.jar;C:\Users\rfair\.m2\repository\net\bytebuddy\byte-buddy\1.9.5\byte-buddy-1.9.5.jar;C:\Users\rfair\.m2\repository\antlr\antlr\2.7.7\antlr-2.7.7.jar;C:\Users\rfair\.m2\repository\org\jboss\jandex\2.0.5.Final\jandex-2.0.5.Final.jar;C:\Users\rfair\.m2\repository\com\fasterxml\classmate\1.4.0\classmate-1.4.0.jar;C:\Users\rfair\.m2\repository\org\dom4j\dom4j\2.1.1\dom4j-2.1.1.jar;C:\Users\rfair\.m2\repository\org\hibernate\common\hibernate-commons-annotations\5.0.4.Final\hibernate-commons-annotations-5.0.4.Final.jar;C:\Users\rfair\.m2\repository\org\springframework\data\spring-data-jpa\2.1.3.RELEASE\spring-data-jpa-2.1.3.RELEASE.jar;C:\Users\rfair\.m2\repository\org\springframework\data\spring-data-commons\2.1.3.RELEASE\spring-data-commons-2.1.3.RELEASE.jar;C:\Users\rfair\.m2\repository\org\springframework\spring-orm\5.1.3.RELEASE\spring-orm-5.1.3.RELEASE.jar;C:\Users\rfair\.m2\repository\org\springframework\spring-tx\5.1.3.RELEASE\spring-tx-5.1.3.RELEASE.jar;C:\Users\rfair\.m2\repository\org\springframework\spring-beans\5.1.3.RELEASE\spring-beans-5.1.3.RELEASE.jar;C:\Users\rfair\.m2\repository\org\springframework\spring-aspects\5.1.3.RELEASE\spring-aspects-5.1.3.RELEASE.jar;C:\Users\rfair\.m2\repository\org\springframework\boot\spring-boot-starter-web\2.1.1.RELEASE\spring-boot-starter-web-2.1.1.RELEASE.jar;C:\Users\rfair\.m2\repository\org\springframework\boot\spring-boot-starter-json\2.1.1.RELEASE\spring-boot-starter-json-2.1.1.RELEASE.jar;C:\Users\rfair\.m2\repository\com\fasterxml\jackson\datatype\jackson-datatype-jdk8\2.9.7\jackson-datatype-jdk8-2.9.7.jar;C:\Users\rfair\.m2\repository\com\fasterxml\jackson\module\jackson-module-parameter-names\2.9.7\jackson-module-parameter-names-2.9.7.jar;C:\Users\rfair\.m2\repository\org\springframework\boot\spring-boot-starter-tomcat\2.1.1.RELEASE\spring-boot-starter-tomcat-2.1.1.RELEASE.jar;C:\Users\rfair\.m2\repository\org\apache\tomcat\embed\tomcat-embed-core\9.0.13\tomcat-embed-core-9.0.13.jar;C:\Users\rfair\.m2\repository\org\apache\tomcat\embed\tomcat-embed-el\9.0.13\tomcat-embed-el-9.0.13.jar;C:\Users\rfair\.m2\repository\org\apache\tomcat\embed\tomcat-embed-websocket\9.0.13\tomcat-embed-websocket-9.0.13.jar;C:\Users\rfair\.m2\repository\org\hibernate\validator\hibernate-validator\6.0.13.Final\hibernate-validator-6.0.13.Final.jar;C:\Users\rfair\.m2\repository\javax\validation\validation-api\2.0.1.Final\validation-api-2.0.1.Final.jar;C:\Users\rfair\.m2\repository\org\springframework\spring-web\5.1.3.RELEASE\spring-web-5.1.3.RELEASE.jar;C:\Users\rfair\.m2\repository\org\springframework\spring-webmvc\5.1.3.RELEASE\spring-webmvc-5.1.3.RELEASE.jar;C:\Users\rfair\.m2\repository\org\springframework\spring-expression\5.1.3.RELEASE\spring-expression-5.1.3.RELEASE.jar;C:\Users\rfair\.m2\repository\org\springframework\cloud\spring-cloud-starter-config\2.1.0.M3\spring-cloud-starter-config-2.1.0.M3.jar;C:\Users\rfair\.m2\repository\org\springframework\cloud\spring-cloud-starter\2.1.0.M2\spring-cloud-starter-2.1.0.M2.jar;C:\Users\rfair\.m2\repository\org\springframework\cloud\spring-cloud-context\2.1.0.M2\spring-cloud-context-2.1.0.M2.jar;C:\Users\rfair\.m2\repository\org\springframework\security\spring-security-crypto\5.1.2.RELEASE\spring-security-crypto-5.1.2.RELEASE.jar;C:\Users\rfair\.m2\repository\org\springframework\cloud\spring-cloud-commons\2.1.0.M2\spring-cloud-commons-2.1.0.M2.jar;C:\Users\rfair\.m2\repository\org\springframework\security\spring-security-rsa\1.0.7.RELEASE\spring-security-rsa-1.0.7.RELEASE.jar;C:\Users\rfair\.m2\repository\org\bouncycastle\bcpkix-jdk15on\1.60\bcpkix-jdk15on-1.60.jar;C:\Users\rfair\.m2\repository\org\bouncycastle\bcprov-jdk15on\1.60\bcprov-jdk15on-1.60.jar;C:\Users\rfair\.m2\repository\org\springframework\cloud\spring-cloud-config-client\2.1.0.M3\spring-cloud-config-client-2.1.0.M3.jar;C:\Users\rfair\.m2\repository\org\springframework\cloud\spring-cloud-starter-netflix-eureka-client\2.1.0.M3\spring-cloud-starter-netflix-eureka-client-2.1.0.M3.jar;C:\Users\rfair\.m2\repository\org\springframework\cloud\spring-cloud-netflix-hystrix\2.1.0.M3\spring-cloud-netflix-hystrix-2.1.0.M3.jar;C:\Users\rfair\.m2\repository\org\springframework\cloud\spring-cloud-netflix-eureka-client\2.1.0.M3\spring-cloud-netflix-eureka-client-2.1.0.M3.jar;C:\Users\rfair\.m2\repository\com\netflix\eureka\eureka-client\1.9.8\eureka-client-1.9.8.jar;C:\Users\rfair\.m2\repository\org\codehaus\jettison\jettison\1.3.7\jettison-1.3.7.jar;C:\Users\rfair\.m2\repository\stax\stax-api\1.0.1\stax-api-1.0.1.jar;C:\Users\rfair\.m2\repository\com\netflix\netflix-commons\netflix-eventbus\0.3.0\netflix-eventbus-0.3.0.jar;C:\Users\rfair\.m2\repository\com\netflix\netflix-commons\netflix-infix\0.3.0\netflix-infix-0.3.0.jar;C:\Users\rfair\.m2\repository\commons-jxpath\commons-jxpath\1.3\commons-jxpath-1.3.jar;C:\Users\rfair\.m2\repository\org\antlr\antlr-runtime\3.4\antlr-runtime-3.4.jar;C:\Users\rfair\.m2\repository\org\antlr\stringtemplate\3.2.1\stringtemplate-3.2.1.jar;C:\Users\rfair\.m2\repository\org\apache\commons\commons-math\2.2\commons-math-2.2.jar;C:\Users\rfair\.m2\repository\com\netflix\archaius\archaius-core\0.7.6\archaius-core-0.7.6.jar;C:\Users\rfair\.m2\repository\javax\ws\rs\jsr311-api\1.1.1\jsr311-api-1.1.1.jar;C:\Users\rfair\.m2\repository\com\netflix\servo\servo-core\0.12.21\servo-core-0.12.21.jar;C:\Users\rfair\.m2\repository\com\sun\jersey\jersey-core\1.19.1\jersey-core-1.19.1.jar;C:\Users\rfair\.m2\repository\com\sun\jersey\jersey-client\1.19.1\jersey-client-1.19.1.jar;C:\Users\rfair\.m2\repository\com\sun\jersey\contribs\jersey-apache-client4\1.19.1\jersey-apache-client4-1.19.1.jar;C:\Users\rfair\.m2\repository\org\apache\httpcomponents\httpclient\4.5.6\httpclient-4.5.6.jar;C:\Users\rfair\.m2\repository\org\apache\httpcomponents\httpcore\4.4.10\httpcore-4.4.10.jar;C:\Users\rfair\.m2\repository\commons-codec\commons-codec\1.11\commons-codec-1.11.jar;C:\Users\rfair\.m2\repository\com\google\inject\guice\4.1.0\guice-4.1.0.jar;C:\Users\rfair\.m2\repository\javax\inject\javax.inject\1\javax.inject-1.jar;C:\Users\rfair\.m2\repository\aopalliance\aopalliance\1.0\aopalliance-1.0.jar;C:\Users\rfair\.m2\repository\com\github\vlsi\compactmap\compactmap\1.2.1\compactmap-1.2.1.jar;C:\Users\rfair\.m2\repository\com\github\andrewoma\dexx\dexx-collections\0.2\dexx-collections-0.2.jar;C:\Users\rfair\.m2\repository\com\netflix\eureka\eureka-core\1.9.8\eureka-core-1.9.8.jar;C:\Users\rfair\.m2\repository\org\codehaus\woodstox\woodstox-core-asl\4.4.1\woodstox-core-asl-4.4.1.jar;C:\Users\rfair\.m2\repository\javax\xml\stream\stax-api\1.0-2\stax-api-1.0-2.jar;C:\Users\rfair\.m2\repository\org\codehaus\woodstox\stax2-api\3.1.4\stax2-api-3.1.4.jar;C:\Users\rfair\.m2\repository\org\springframework\cloud\spring-cloud-starter-netflix-archaius\2.1.0.M3\spring-cloud-starter-netflix-archaius-2.1.0.M3.jar;C:\Users\rfair\.m2\repository\org\springframework\cloud\spring-cloud-netflix-ribbon\2.1.0.M3\spring-cloud-netflix-ribbon-2.1.0.M3.jar;C:\Users\rfair\.m2\repository\org\springframework\cloud\spring-cloud-netflix-archaius\2.1.0.M3\spring-cloud-netflix-archaius-2.1.0.M3.jar;C:\Users\rfair\.m2\repository\commons-configuration\commons-configuration\1.8\commons-configuration-1.8.jar;C:\Users\rfair\.m2\repository\commons-lang\commons-lang\2.6\commons-lang-2.6.jar;C:\Users\rfair\.m2\repository\org\springframework\cloud\spring-cloud-starter-netflix-ribbon\2.1.0.M3\spring-cloud-starter-netflix-ribbon-2.1.0.M3.jar;C:\Users\rfair\.m2\repository\com\netflix\ribbon\ribbon\2.3.0\ribbon-2.3.0.jar;C:\Users\rfair\.m2\repository\com\netflix\ribbon\ribbon-transport\2.3.0\ribbon-transport-2.3.0.jar;C:\Users\rfair\.m2\repository\io\reactivex\rxnetty-contexts\0.4.9\rxnetty-contexts-0.4.9.jar;C:\Users\rfair\.m2\repository\io\reactivex\rxnetty-servo\0.4.9\rxnetty-servo-0.4.9.jar;C:\Users\rfair\.m2\repository\com\netflix\hystrix\hystrix-core\1.5.12\hystrix-core-1.5.12.jar;C:\Users\rfair\.m2\repository\io\reactivex\rxnetty\0.4.9\rxnetty-0.4.9.jar;C:\Users\rfair\.m2\repository\com\netflix\ribbon\ribbon-core\2.3.0\ribbon-core-2.3.0.jar;C:\Users\rfair\.m2\repository\com\netflix\ribbon\ribbon-httpclient\2.3.0\ribbon-httpclient-2.3.0.jar;C:\Users\rfair\.m2\repository\commons-collections\commons-collections\3.2.2\commons-collections-3.2.2.jar;C:\Users\rfair\.m2\repository\com\netflix\netflix-commons\netflix-commons-util\0.3.0\netflix-commons-util-0.3.0.jar;C:\Users\rfair\.m2\repository\com\netflix\ribbon\ribbon-loadbalancer\2.3.0\ribbon-loadbalancer-2.3.0.jar;C:\Users\rfair\.m2\repository\com\netflix\netflix-commons\netflix-statistics\0.1.1\netflix-statistics-0.1.1.jar;C:\Users\rfair\.m2\repository\io\reactivex\rxjava\1.3.8\rxjava-1.3.8.jar;C:\Users\rfair\.m2\repository\com\netflix\ribbon\ribbon-eureka\2.3.0\ribbon-eureka-2.3.0.jar;C:\Users\rfair\.m2\repository\com\thoughtworks\xstream\xstream\1.4.10\xstream-1.4.10.jar;C:\Users\rfair\.m2\repository\xmlpull\xmlpull\1.1.3.1\xmlpull-1.1.3.1.jar;C:\Users\rfair\.m2\repository\xpp3\xpp3_min\1.1.4c\xpp3_min-1.1.4c.jar;C:\Users\rfair\.m2\repository\org\springframework\cloud\spring-cloud-starter-consul-all\2.1.0.M2\spring-cloud-starter-consul-all-2.1.0.M2.jar;C:\Users\rfair\.m2\repository\org\springframework\cloud\spring-cloud-starter-consul-bus\2.1.0.M2\spring-cloud-starter-consul-bus-2.1.0.M2.jar;C:\Users\rfair\.m2\repository\org\springframework\cloud\spring-cloud-starter-consul\2.1.0.M2\spring-cloud-starter-consul-2.1.0.M2.jar;C:\Users\rfair\.m2\repository\org\springframework\cloud\spring-cloud-consul-core\2.1.0.M2\spring-cloud-consul-core-2.1.0.M2.jar;C:\Users\rfair\.m2\repository\com\ecwid\consul\consul-api\1.4.1\consul-api-1.4.1.jar;C:\Users\rfair\.m2\repository\org\springframework\cloud\spring-cloud-consul-binder\2.1.0.M2\spring-cloud-consul-binder-2.1.0.M2.jar;C:\Users\rfair\.m2\repository\org\springframework\cloud\spring-cloud-stream\2.1.0.RC2\spring-cloud-stream-2.1.0.RC2.jar;C:\Users\rfair\.m2\repository\org\springframework\boot\spring-boot-starter-validation\2.1.1.RELEASE\spring-boot-starter-validation-2.1.1.RELEASE.jar;C:\Users\rfair\.m2\repository\org\springframework\spring-messaging\5.1.3.RELEASE\spring-messaging-5.1.3.RELEASE.jar;C:\Users\rfair\.m2\repository\org\springframework\integration\spring-integration-jmx\5.1.1.RELEASE\spring-integration-jmx-5.1.1.RELEASE.jar;C:\Users\rfair\.m2\repository\org\springframework\spring-tuple\1.0.0.RELEASE\spring-tuple-1.0.0.RELEASE.jar;C:\Users\rfair\.m2\repository\com\esotericsoftware\kryo-shaded\3.0.3\kryo-shaded-3.0.3.jar;C:\Users\rfair\.m2\repository\com\esotericsoftware\minlog\1.3.0\minlog-1.3.0.jar;C:\Users\rfair\.m2\repository\org\springframework\integration\spring-integration-tuple\1.0.0.RELEASE\spring-integration-tuple-1.0.0.RELEASE.jar;C:\Users\rfair\.m2\repository\org\springframework\retry\spring-retry\1.2.2.RELEASE\spring-retry-1.2.2.RELEASE.jar;C:\Users\rfair\.m2\repository\org\springframework\cloud\spring-cloud-function-context\2.0.0.RC2\spring-cloud-function-context-2.0.0.RC2.jar;C:\Users\rfair\.m2\repository\org\springframework\cloud\spring-cloud-function-core\2.0.0.RC2\spring-cloud-function-core-2.0.0.RC2.jar;C:\Users\rfair\.m2\repository\org\springframework\cloud\spring-cloud-bus\2.1.0.M2\spring-cloud-bus-2.1.0.M2.jar;C:\Users\rfair\.m2\repository\org\springframework\integration\spring-integration-core\5.1.1.RELEASE\spring-integration-core-5.1.1.RELEASE.jar;C:\Users\rfair\.m2\repository\io\projectreactor\reactor-core\3.2.3.RELEASE\reactor-core-3.2.3.RELEASE.jar;C:\Users\rfair\.m2\repository\org\reactivestreams\reactive-streams\1.0.2\reactive-streams-1.0.2.jar;C:\Users\rfair\.m2\repository\org\springframework\cloud\spring-cloud-starter-consul-config\2.1.0.M2\spring-cloud-starter-consul-config-2.1.0.M2.jar;C:\Users\rfair\.m2\repository\org\springframework\cloud\spring-cloud-consul-config\2.1.0.M2\spring-cloud-consul-config-2.1.0.M2.jar;C:\Users\rfair\.m2\repository\org\springframework\cloud\spring-cloud-starter-consul-discovery\2.1.0.M2\spring-cloud-starter-consul-discovery-2.1.0.M2.jar;C:\Users\rfair\.m2\repository\org\springframework\cloud\spring-cloud-consul-discovery\2.1.0.M2\spring-cloud-consul-discovery-2.1.0.M2.jar;C:\Users\rfair\.m2\repository\org\springframework\cloud\spring-cloud-netflix-core\2.1.0.M3\spring-cloud-netflix-core-2.1.0.M3.jar;C:\Users\rfair\.m2\repository\joda-time\joda-time\2.10.1\joda-time-2.10.1.jar;C:\Users\rfair\.m2\repository\org\springframework\cloud\spring-cloud-starter-zipkin\2.1.0.M2\spring-cloud-starter-zipkin-2.1.0.M2.jar;C:\Users\rfair\.m2\repository\org\springframework\cloud\spring-cloud-starter-sleuth\2.1.0.M2\spring-cloud-starter-sleuth-2.1.0.M2.jar;C:\Users\rfair\.m2\repository\org\springframework\cloud\spring-cloud-sleuth-core\2.1.0.M2\spring-cloud-sleuth-core-2.1.0.M2.jar;C:\Users\rfair\.m2\repository\org\aspectj\aspectjrt\1.9.2\aspectjrt-1.9.2.jar;C:\Users\rfair\.m2\repository\io\zipkin\brave\brave\5.4.4\brave-5.4.4.jar;C:\Users\rfair\.m2\repository\io\zipkin\brave\brave-context-log4j2\5.4.4\brave-context-log4j2-5.4.4.jar;C:\Users\rfair\.m2\repository\io\zipkin\brave\brave-instrumentation-spring-web\5.4.4\brave-instrumentation-spring-web-5.4.4.jar;C:\Users\rfair\.m2\repository\io\zipkin\brave\brave-instrumentation-http\5.4.4\brave-instrumentation-http-5.4.4.jar;C:\Users\rfair\.m2\repository\io\zipkin\brave\brave-instrumentation-spring-rabbit\5.4.4\brave-instrumentation-spring-rabbit-5.4.4.jar;C:\Users\rfair\.m2\repository\io\zipkin\brave\brave-instrumentation-kafka-clients\5.4.4\brave-instrumentation-kafka-clients-5.4.4.jar;C:\Users\rfair\.m2\repository\io\zipkin\brave\brave-instrumentation-httpclient\5.4.4\brave-instrumentation-httpclient-5.4.4.jar;C:\Users\rfair\.m2\repository\io\zipkin\brave\brave-instrumentation-httpasyncclient\5.4.4\brave-instrumentation-httpasyncclient-5.4.4.jar;C:\Users\rfair\.m2\repository\io\zipkin\brave\brave-instrumentation-spring-webmvc\5.4.4\brave-instrumentation-spring-webmvc-5.4.4.jar;C:\Users\rfair\.m2\repository\io\zipkin\brave\brave-instrumentation-servlet\5.4.4\brave-instrumentation-servlet-5.4.4.jar;C:\Users\rfair\.m2\repository\io\zipkin\brave\brave-instrumentation-jms\5.4.4\brave-instrumentation-jms-5.4.4.jar;C:\Users\rfair\.m2\repository\org\springframework\cloud\spring-cloud-sleuth-zipkin\2.1.0.M2\spring-cloud-sleuth-zipkin-2.1.0.M2.jar;C:\Users\rfair\.m2\repository\io\zipkin\zipkin2\zipkin\2.11.7\zipkin-2.11.7.jar;C:\Users\rfair\.m2\repository\io\zipkin\reporter2\zipkin-reporter\2.7.10\zipkin-reporter-2.7.10.jar;C:\Users\rfair\.m2\repository\io\zipkin\reporter2\zipkin-sender-kafka11\2.7.10\zipkin-sender-kafka11-2.7.10.jar;C:\Users\rfair\.m2\repository\io\zipkin\reporter2\zipkin-sender-amqp-client\2.7.10\zipkin-sender-amqp-client-2.7.10.jar;C:\Users\rfair\.m2\repository\org\springframework\boot\spring-boot-starter-test\2.1.1.RELEASE\spring-boot-starter-test-2.1.1.RELEASE.jar;C:\Users\rfair\.m2\repository\org\springframework\boot\spring-boot-test\2.1.1.RELEASE\spring-boot-test-2.1.1.RELEASE.jar;C:\Users\rfair\.m2\repository\org\springframework\boot\spring-boot-test-autoconfigure\2.1.1.RELEASE\spring-boot-test-autoconfigure-2.1.1.RELEASE.jar;C:\Users\rfair\.m2\repository\com\jayway\jsonpath\json-path\2.4.0\json-path-2.4.0.jar;C:\Users\rfair\.m2\repository\net\minidev\json-smart\2.3\json-smart-2.3.jar;C:\Users\rfair\.m2\repository\net\minidev\accessors-smart\1.2\accessors-smart-1.2.jar;C:\Users\rfair\.m2\repository\org\ow2\asm\asm\5.0.4\asm-5.0.4.jar;C:\Users\rfair\.m2\repository\junit\junit\4.12\junit-4.12.jar;C:\Users\rfair\.m2\repository\org\assertj\assertj-core\3.11.1\assertj-core-3.11.1.jar;C:\Users\rfair\.m2\repository\org\mockito\mockito-core\2.23.4\mockito-core-2.23.4.jar;C:\Users\rfair\.m2\repository\net\bytebuddy\byte-buddy-agent\1.9.5\byte-buddy-agent-1.9.5.jar;C:\Users\rfair\.m2\repository\org\objenesis\objenesis\2.6\objenesis-2.6.jar;C:\Users\rfair\.m2\repository\org\hamcrest\hamcrest-core\1.3\hamcrest-core-1.3.jar;C:\Users\rfair\.m2\repository\org\hamcrest\hamcrest-library\1.3\hamcrest-library-1.3.jar;C:\Users\rfair\.m2\repository\org\skyscreamer\jsonassert\1.5.0\jsonassert-1.5.0.jar;C:\Users\rfair\.m2\repository\com\vaadin\external\google\android-json\0.0.20131108.vaadin1\android-json-0.0.20131108.vaadin1.jar;C:\Users\rfair\.m2\repository\org\springframework\spring-core\5.1.3.RELEASE\spring-core-5.1.3.RELEASE.jar;C:\Users\rfair\.m2\repository\org\springframework\spring-jcl\5.1.3.RELEASE\spring-jcl-5.1.3.RELEASE.jar;C:\Users\rfair\.m2\repository\org\springframework\spring-test\5.1.3.RELEASE\spring-test-5.1.3.RELEASE.jar;C:\Users\rfair\.m2\repository\org\xmlunit\xmlunit-core\2.6.2\xmlunit-core-2.6.2.jar;C:\Users\rfair\.m2\repository\io\zeebe\zeebe-test\0.17.0\zeebe-test-0.17.0.jar;C:\Users\rfair\.m2\repository\io\zeebe\zeebe-broker-core\0.17.0\zeebe-broker-core-0.17.0.jar;C:\Users\rfair\.m2\repository\org\msgpack\jackson-dataformat-msgpack\0.8.16\jackson-dataformat-msgpack-0.8.16.jar;C:\Users\rfair\.m2\repository\com\fasterxml\jackson\dataformat\jackson-dataformat-yaml\2.9.7\jackson-dataformat-yaml-2.9.7.jar;C:\Users\rfair\.m2\repository\io\zeebe\zeebe-logstreams\0.17.0\zeebe-logstreams-0.17.0.jar;C:\Users\rfair\.m2\repository\io\zeebe\zeebe-protocol-impl\0.17.0\zeebe-protocol-impl-0.17.0.jar;C:\Users\rfair\.m2\repository\io\zeebe\zeebe-raft\0.17.0\zeebe-raft-0.17.0.jar;C:\Users\rfair\.m2\repository\io\zeebe\zeebe-gossip\0.17.0\zeebe-gossip-0.17.0.jar;C:\Users\rfair\.m2\repository\io\zeebe\zeebe-msgpack-core\0.17.0\zeebe-msgpack-core-0.17.0.jar;C:\Users\rfair\.m2\repository\io\zeebe\zeebe-msgpack-json-el\0.17.0\zeebe-msgpack-json-el-0.17.0.jar;C:\Users\rfair\.m2\repository\org\scala-lang\scala-library\2.12.8\scala-library-2.12.8.jar;C:\Users\rfair\.m2\repository\org\scala-lang\modules\scala-parser-combinators_2.12\1.0.6\scala-parser-combinators_2.12-1.0.6.jar;C:\Users\rfair\.m2\repository\uk\co\real-logic\sbe-tool\1.12.4\sbe-tool-1.12.4.jar;C:\Users\rfair\.m2\repository\org\agrona\agrona\0.9.35\agrona-0.9.35.jar;C:\Users\rfair\.m2\repository\io\zeebe\zeebe-msgpack-json-path\0.17.0\zeebe-msgpack-json-path-0.17.0.jar;C:\Users\rfair\.m2\repository\io\zeebe\zeebe-msgpack-value\0.17.0\zeebe-msgpack-value-0.17.0.jar;C:\Users\rfair\.m2\repository\io\zeebe\zeebe-db\0.17.0\zeebe-db-0.17.0.jar;C:\Users\rfair\.m2\repository\org\rocksdb\rocksdbjni\5.17.2\rocksdbjni-5.17.2.jar;C:\Users\rfair\.m2\repository\io\zeebe\zeebe-dispatcher\0.17.0\zeebe-dispatcher-0.17.0.jar;C:\Users\rfair\.m2\repository\io\netty\netty-codec-http\4.1.31.Final\netty-codec-http-4.1.31.Final.jar;C:\Users\rfair\.m2\repository\io\netty\netty-buffer\4.1.31.Final\netty-buffer-4.1.31.Final.jar;C:\Users\rfair\.m2\repository\io\netty\netty-common\4.1.31.Final\netty-common-4.1.31.Final.jar;C:\Users\rfair\.m2\repository\io\netty\netty-codec\4.1.31.Final\netty-codec-4.1.31.Final.jar;C:\Users\rfair\.m2\repository\io\netty\netty-transport\4.1.31.Final\netty-transport-4.1.31.Final.jar;C:\Users\rfair\.m2\repository\io\netty\netty-resolver\4.1.31.Final\netty-resolver-4.1.31.Final.jar;C:\Users\rfair\.m2\repository\io\zeebe\zeebe-exporter-api\0.17.0\zeebe-exporter-api-0.17.0.jar;C:\Users\rfair\.m2\repository\io\zeebe\zeebe-gateway\0.17.0\zeebe-gateway-0.17.0.jar;C:\Users\rfair\.m2\repository\org\msgpack\msgpack-core\0.8.16\msgpack-core-0.8.16.jar;C:\Users\rfair\.m2\repository\io\zeebe\zeebe-service-container\0.17.0\zeebe-service-container-0.17.0.jar;C:\Users\rfair\.m2\repository\io\zeebe\zeebe-protocol\0.17.0\zeebe-protocol-0.17.0.jar;C:\Users\rfair\.m2\repository\io\zeebe\zeebe-transport\0.17.0\zeebe-transport-0.17.0.jar;C:\Users\rfair\.m2\repository\io\zeebe\zeebe-test-util\0.17.0\zeebe-test-util-0.17.0.jar;C:\Users\rfair\.m2\repository\one\util\streamex\0.6.8\streamex-0.6.8.jar;C:\Users\rfair\.m2\repository\org\hamcrest\hamcrest\2.1\hamcrest-2.1.jar;C:\Users\rfair\.m2\repository\com\moandjiezana\toml\toml4j\0.7.2\toml4j-0.7.2.jar;C:\Users\rfair\.m2\repository\com\orness\gandalf\core\library\grpc-java-client\0.0.1-SNAPSHOT\grpc-java-client-0.0.1-SNAPSHOT.jar;C:\Users\rfair\.m2\repository\io\grpc\grpc-protobuf\1.16.1\grpc-protobuf-1.16.1.jar;C:\Users\rfair\.m2\repository\com\google\api\grpc\proto-google-common-protos\1.12.0\proto-google-common-protos-1.12.0.jar;C:\Users\rfair\.m2\repository\io\grpc\grpc-protobuf-lite\1.16.1\grpc-protobuf-lite-1.16.1.jar;C:\Users\rfair\.m2\repository\com\orness\gandalf\core\module\grpc-message-bus-module\0.0.1-SNAPSHOT\grpc-message-bus-module-0.0.1-SNAPSHOT.jar;C:\Users\rfair\.m2\repository\com\orness\gandalf\core\module\grpc-message-workflow-engine-module\0.0.1-SNAPSHOT\grpc-message-workflow-engine-module-0.0.1-SNAPSHOT.jar;C:\Users\rfair\.m2\repository\com\orness\gandalf\core\module\message-module\0.0.1-SNAPSHOT\message-module-0.0.1-SNAPSHOT.jar;"/>
    <property name="java.vm.vendor" value="Oracle Corporation"/>
    <property name="sun.arch.data.model" value="64"/>
    <property name="user.variant" value=""/>
    <property name="java.vendor.url" value="http://java.oracle.com/"/>
    <property name="user.timezone" value="Europe/Paris"/>
    <property name="java.vm.specification.version" value="1.8"/>
    <property name="os.name" value="Windows 10"/>
    <property name="user.country" value="FR"/>
    <property name="sun.java.launcher" value="SUN_STANDARD"/>
    <property name="sun.boot.library.path" value="C:\Program Files\Java\jdk1.8.0_211\jre\bin"/>
    <property name="sun.java.command" value="C:\Users\rfair\AppData\Local\Temp\surefire2237775214203721470\surefirebooter4256692029932358459.jar C:\Users\rfair\AppData\Local\Temp\surefire2237775214203721470 2019-06-12T16-37-52_044-jvmRun1 surefire2886193681207793562tmp surefire_07237105184518844766tmp"/>
    <property name="surefire.test.class.path" value="D:\ProjetOrness\gandalf\core\service\workflow-service\target\test-classes;D:\ProjetOrness\gandalf\core\service\workflow-service\target\classes;C:\Users\rfair\.m2\repository\io\zeebe\zeebe-client-java\0.17.0\zeebe-client-java-0.17.0.jar;C:\Users\rfair\.m2\repository\io\zeebe\zeebe-bpmn-model\0.17.0\zeebe-bpmn-model-0.17.0.jar;C:\Users\rfair\.m2\repository\org\camunda\bpm\model\camunda-xml-model\7.10.0\camunda-xml-model-7.10.0.jar;C:\Users\rfair\.m2\repository\com\fasterxml\jackson\core\jackson-core\2.9.7\jackson-core-2.9.7.jar;C:\Users\rfair\.m2\repository\com\fasterxml\jackson\core\jackson-databind\2.9.7\jackson-databind-2.9.7.jar;C:\Users\rfair\.m2\repository\com\fasterxml\jackson\core\jackson-annotations\2.9.0\jackson-annotations-2.9.0.jar;C:\Users\rfair\.m2\repository\io\zeebe\zeebe-gateway-protocol\0.17.0\zeebe-gateway-protocol-0.17.0.jar;C:\Users\rfair\.m2\repository\org\slf4j\slf4j-api\1.7.25\slf4j-api-1.7.25.jar;C:\Users\rfair\.m2\repository\io\zeebe\zeebe-util\0.17.0\zeebe-util-0.17.0.jar;C:\Users\rfair\.m2\repository\io\grpc\grpc-stub\1.19.0\grpc-stub-1.19.0.jar;C:\Users\rfair\.m2\repository\io\grpc\grpc-core\1.19.0\grpc-core-1.19.0.jar;C:\Users\rfair\.m2\repository\io\grpc\grpc-context\1.19.0\grpc-context-1.19.0.jar;C:\Users\rfair\.m2\repository\com\google\code\gson\gson\2.8.5\gson-2.8.5.jar;C:\Users\rfair\.m2\repository\com\google\errorprone\error_prone_annotations\2.2.0\error_prone_annotations-2.2.0.jar;C:\Users\rfair\.m2\repository\com\google\code\findbugs\jsr305\3.0.2\jsr305-3.0.2.jar;C:\Users\rfair\.m2\repository\org\codehaus\mojo\animal-sniffer-annotations\1.17\animal-sniffer-annotations-1.17.jar;C:\Users\rfair\.m2\repository\io\opencensus\opencensus-api\0.19.2\opencensus-api-0.19.2.jar;C:\Users\rfair\.m2\repository\io\opencensus\opencensus-contrib-grpc-metrics\0.19.2\opencensus-contrib-grpc-metrics-0.19.2.jar;C:\Users\rfair\.m2\repository\io\grpc\grpc-netty\1.19.0\grpc-netty-1.19.0.jar;C:\Users\rfair\.m2\repository\io\netty\netty-codec-http2\4.1.31.Final\netty-codec-http2-4.1.31.Final.jar;C:\Users\rfair\.m2\repository\io\netty\netty-handler\4.1.31.Final\netty-handler-4.1.31.Final.jar;C:\Users\rfair\.m2\repository\io\netty\netty-handler-proxy\4.1.31.Final\netty-handler-proxy-4.1.31.Final.jar;C:\Users\rfair\.m2\repository\io\netty\netty-codec-socks\4.1.31.Final\netty-codec-socks-4.1.31.Final.jar;C:\Users\rfair\.m2\repository\com\google\guava\guava\27.1-jre\guava-27.1-jre.jar;C:\Users\rfair\.m2\repository\com\google\guava\failureaccess\1.0.1\failureaccess-1.0.1.jar;C:\Users\rfair\.m2\repository\com\google\guava\listenablefuture\9999.0-empty-to-avoid-conflict-with-guava\listenablefuture-9999.0-empty-to-avoid-conflict-with-guava.jar;C:\Users\rfair\.m2\repository\org\checkerframework\checker-qual\2.5.2\checker-qual-2.5.2.jar;C:\Users\rfair\.m2\repository\com\google\j2objc\j2objc-annotations\1.1\j2objc-annotations-1.1.jar;C:\Users\rfair\.m2\repository\com\google\protobuf\protobuf-java\3.7.0\protobuf-java-3.7.0.jar;C:\Users\rfair\.m2\repository\org\springframework\boot\spring-boot-starter-actuator\2.1.1.RELEASE\spring-boot-starter-actuator-2.1.1.RELEASE.jar;C:\Users\rfair\.m2\repository\org\springframework\boot\spring-boot-starter\2.1.1.RELEASE\spring-boot-starter-2.1.1.RELEASE.jar;C:\Users\rfair\.m2\repository\org\springframework\boot\spring-boot\2.1.1.RELEASE\spring-boot-2.1.1.RELEASE.jar;C:\Users\rfair\.m2\repository\org\springframework\boot\spring-boot-autoconfigure\2.1.1.RELEASE\spring-boot-autoconfigure-2.1.1.RELEASE.jar;C:\Users\rfair\.m2\repository\org\springframework\boot\spring-boot-starter-logging\2.1.1.RELEASE\spring-boot-starter-logging-2.1.1.RELEASE.jar;C:\Users\rfair\.m2\repository\ch\qos\logback\logback-classic\1.2.3\logback-classic-1.2.3.jar;C:\Users\rfair\.m2\repository\ch\qos\logback\logback-core\1.2.3\logback-core-1.2.3.jar;C:\Users\rfair\.m2\repository\org\apache\logging\log4j\log4j-to-slf4j\2.11.1\log4j-to-slf4j-2.11.1.jar;C:\Users\rfair\.m2\repository\org\apache\logging\log4j\log4j-api\2.11.1\log4j-api-2.11.1.jar;C:\Users\rfair\.m2\repository\org\slf4j\jul-to-slf4j\1.7.25\jul-to-slf4j-1.7.25.jar;C:\Users\rfair\.m2\repository\javax\annotation\javax.annotation-api\1.3.2\javax.annotation-api-1.3.2.jar;C:\Users\rfair\.m2\repository\org\yaml\snakeyaml\1.23\snakeyaml-1.23.jar;C:\Users\rfair\.m2\repository\org\springframework\boot\spring-boot-actuator-autoconfigure\2.1.1.RELEASE\spring-boot-actuator-autoconfigure-2.1.1.RELEASE.jar;C:\Users\rfair\.m2\repository\org\springframework\boot\spring-boot-actuator\2.1.1.RELEASE\spring-boot-actuator-2.1.1.RELEASE.jar;C:\Users\rfair\.m2\repository\org\springframework\spring-context\5.1.3.RELEASE\spring-context-5.1.3.RELEASE.jar;C:\Users\rfair\.m2\repository\com\fasterxml\jackson\datatype\jackson-datatype-jsr310\2.9.7\jackson-datatype-jsr310-2.9.7.jar;C:\Users\rfair\.m2\repository\io\micrometer\micrometer-core\1.1.1\micrometer-core-1.1.1.jar;C:\Users\rfair\.m2\repository\org\hdrhistogram\HdrHistogram\2.1.9\HdrHistogram-2.1.9.jar;C:\Users\rfair\.m2\repository\org\latencyutils\LatencyUtils\2.0.3\LatencyUtils-2.0.3.jar;C:\Users\rfair\.m2\repository\com\h2database\h2\1.4.197\h2-1.4.197.jar;C:\Users\rfair\.m2\repository\org\springframework\boot\spring-boot-starter-data-rest\2.1.1.RELEASE\spring-boot-starter-data-rest-2.1.1.RELEASE.jar;C:\Users\rfair\.m2\repository\org\springframework\data\spring-data-rest-webmvc\3.1.3.RELEASE\spring-data-rest-webmvc-3.1.3.RELEASE.jar;C:\Users\rfair\.m2\repository\org\springframework\data\spring-data-rest-core\3.1.3.RELEASE\spring-data-rest-core-3.1.3.RELEASE.jar;C:\Users\rfair\.m2\repository\org\springframework\hateoas\spring-hateoas\0.25.0.RELEASE\spring-hateoas-0.25.0.RELEASE.jar;C:\Users\rfair\.m2\repository\org\springframework\plugin\spring-plugin-core\1.2.0.RELEASE\spring-plugin-core-1.2.0.RELEASE.jar;C:\Users\rfair\.m2\repository\org\atteo\evo-inflector\1.2.2\evo-inflector-1.2.2.jar;C:\Users\rfair\.m2\repository\org\springframework\boot\spring-boot-starter-data-jpa\2.1.1.RELEASE\spring-boot-starter-data-jpa-2.1.1.RELEASE.jar;C:\Users\rfair\.m2\repository\org\springframework\boot\spring-boot-starter-aop\2.1.1.RELEASE\spring-boot-starter-aop-2.1.1.RELEASE.jar;C:\Users\rfair\.m2\repository\org\springframework\spring-aop\5.1.3.RELEASE\spring-aop-5.1.3.RELEASE.jar;C:\Users\rfair\.m2\repository\org\aspectj\aspectjweaver\1.9.2\aspectjweaver-1.9.2.jar;C:\Users\rfair\.m2\repository\org\springframework\boot\spring-boot-starter-jdbc\2.1.1.RELEASE\spring-boot-starter-jdbc-2.1.1.RELEASE.jar;C:\Users\rfair\.m2\repository\com\zaxxer\HikariCP\3.2.0\HikariCP-3.2.0.jar;C:\Users\rfair\.m2\repository\org\springframework\spring-jdbc\5.1.3.RELEASE\spring-jdbc-5.1.3.RELEASE.jar;C:\Users\rfair\.m2\repository\javax\transaction\javax.transaction-api\1.3\javax.transaction-api-1.3.jar;C:\Users\rfair\.m2\repository\javax\xml\bind\jaxb-api\2.3.1\jaxb-api-2.3.1.jar;C:\Users\rfair\.m2\repository\javax\activation\javax.activation-api\1.2.0\javax.activation-api-1.2.0.jar;C:\Users\rfair\.m2\repository\org\hibernate\hibernate-core\5.3.7.Final\hibernate-core-5.3.7.Final.jar;C:\Users\rfair\.m2\repository\org\jboss\logging\jboss-logging\3.3.2.Final\jboss-logging-3.3.2.Final.jar;C:\Users\rfair\.m2\repository\javax\persistence\javax.persistence-api\2.2\javax.persistence-api-2.2.jar;C:\Users\rfair\.m2\repository\org\javassist\javassist\3.23.1-GA\javassist-3.23.1-GA.jar;C:\Users\rfair\.m2\repository\net\bytebuddy\byte-buddy\1.9.5\byte-buddy-1.9.5.jar;C:\Users\rfair\.m2\repository\antlr\antlr\2.7.7\antlr-2.7.7.jar;C:\Users\rfair\.m2\repository\org\jboss\jandex\2.0.5.Final\jandex-2.0.5.Final.jar;C:\Users\rfair\.m2\repository\com\fasterxml\classmate\1.4.0\classmate-1.4.0.jar;C:\Users\rfair\.m2\repository\org\dom4j\dom4j\2.1.1\dom4j-2.1.1.jar;C:\Users\rfair\.m2\repository\org\hibernate\common\hibernate-commons-annotations\5.0.4.Final\hibernate-commons-annotations-5.0.4.Final.jar;C:\Users\rfair\.m2\repository\org\springframework\data\spring-data-jpa\2.1.3.RELEASE\spring-data-jpa-2.1.3.RELEASE.jar;C:\Users\rfair\.m2\repository\org\springframework\data\spring-data-commons\2.1.3.RELEASE\spring-data-commons-2.1.3.RELEASE.jar;C:\Users\rfair\.m2\repository\org\springframework\spring-orm\5.1.3.RELEASE\spring-orm-5.1.3.RELEASE.jar;C:\Users\rfair\.m2\repository\org\springframework\spring-tx\5.1.3.RELEASE\spring-tx-5.1.3.RELEASE.jar;C:\Users\rfair\.m2\repository\org\springframework\spring-beans\5.1.3.RELEASE\spring-beans-5.1.3.RELEASE.jar;C:\Users\rfair\.m2\repository\org\springframework\spring-aspects\5.1.3.RELEASE\spring-aspects-5.1.3.RELEASE.jar;C:\Users\rfair\.m2\repository\org\springframework\boot\spring-boot-starter-web\2.1.1.RELEASE\spring-boot-starter-web-2.1.1.RELEASE.jar;C:\Users\rfair\.m2\repository\org\springframework\boot\spring-boot-starter-json\2.1.1.RELEASE\spring-boot-starter-json-2.1.1.RELEASE.jar;C:\Users\rfair\.m2\repository\com\fasterxml\jackson\datatype\jackson-datatype-jdk8\2.9.7\jackson-datatype-jdk8-2.9.7.jar;C:\Users\rfair\.m2\repository\com\fasterxml\jackson\module\jackson-module-parameter-names\2.9.7\jackson-module-parameter-names-2.9.7.jar;C:\Users\rfair\.m2\repository\org\springframework\boot\spring-boot-starter-tomcat\2.1.1.RELEASE\spring-boot-starter-tomcat-2.1.1.RELEASE.jar;C:\Users\rfair\.m2\repository\org\apache\tomcat\embed\tomcat-embed-core\9.0.13\tomcat-embed-core-9.0.13.jar;C:\Users\rfair\.m2\repository\org\apache\tomcat\embed\tomcat-embed-el\9.0.13\tomcat-embed-el-9.0.13.jar;C:\Users\rfair\.m2\repository\org\apache\tomcat\embed\tomcat-embed-websocket\9.0.13\tomcat-embed-websocket-9.0.13.jar;C:\Users\rfair\.m2\repository\org\hibernate\validator\hibernate-validator\6.0.13.Final\hibernate-validator-6.0.13.Final.jar;C:\Users\rfair\.m2\repository\javax\validation\validation-api\2.0.1.Final\validation-api-2.0.1.Final.jar;C:\Users\rfair\.m2\repository\org\springframework\spring-web\5.1.3.RELEASE\spring-web-5.1.3.RELEASE.jar;C:\Users\rfair\.m2\repository\org\springframework\spring-webmvc\5.1.3.RELEASE\spring-webmvc-5.1.3.RELEASE.jar;C:\Users\rfair\.m2\repository\org\springframework\spring-expression\5.1.3.RELEASE\spring-expression-5.1.3.RELEASE.jar;C:\Users\rfair\.m2\repository\org\springframework\cloud\spring-cloud-starter-config\2.1.0.M3\spring-cloud-starter-config-2.1.0.M3.jar;C:\Users\rfair\.m2\repository\org\springframework\cloud\spring-cloud-starter\2.1.0.M2\spring-cloud-starter-2.1.0.M2.jar;C:\Users\rfair\.m2\repository\org\springframework\cloud\spring-cloud-context\2.1.0.M2\spring-cloud-context-2.1.0.M2.jar;C:\Users\rfair\.m2\repository\org\springframework\security\spring-security-crypto\5.1.2.RELEASE\spring-security-crypto-5.1.2.RELEASE.jar;C:\Users\rfair\.m2\repository\org\springframework\cloud\spring-cloud-commons\2.1.0.M2\spring-cloud-commons-2.1.0.M2.jar;C:\Users\rfair\.m2\repository\org\springframework\security\spring-security-rsa\1.0.7.RELEASE\spring-security-rsa-1.0.7.RELEASE.jar;C:\Users\rfair\.m2\repository\org\bouncycastle\bcpkix-jdk15on\1.60\bcpkix-jdk15on-1.60.jar;C:\Users\rfair\.m2\repository\org\bouncycastle\bcprov-jdk15on\1.60\bcprov-jdk15on-1.60.jar;C:\Users\rfair\.m2\repository\org\springframework\cloud\spring-cloud-config-client\2.1.0.M3\spring-cloud-config-client-2.1.0.M3.jar;C:\Users\rfair\.m2\repository\org\springframework\cloud\spring-cloud-starter-netflix-eureka-client\2.1.0.M3\spring-cloud-starter-netflix-eureka-client-2.1.0.M3.jar;C:\Users\rfair\.m2\repository\org\springframework\cloud\spring-cloud-netflix-hystrix\2.1.0.M3\spring-cloud-netflix-hystrix-2.1.0.M3.jar;C:\Users\rfair\.m2\repository\org\springframework\cloud\spring-cloud-netflix-eureka-client\2.1.0.M3\spring-cloud-netflix-eureka-client-2.1.0.M3.jar;C:\Users\rfair\.m2\repository\com\netflix\eureka\eureka-client\1.9.8\eureka-client-1.9.8.jar;C:\Users\rfair\.m2\repository\org\codehaus\jettison\jettison\1.3.7\jettison-1.3.7.jar;C:\Users\rfair\.m2\repository\stax\stax-api\1.0.1\stax-api-1.0.1.jar;C:\Users\rfair\.m2\repository\com\netflix\netflix-commons\netflix-eventbus\0.3.0\netflix-eventbus-0.3.0.jar;C:\Users\rfair\.m2\repository\com\netflix\netflix-commons\netflix-infix\0.3.0\netflix-infix-0.3.0.jar;C:\Users\rfair\.m2\repository\commons-jxpath\commons-jxpath\1.3\commons-jxpath-1.3.jar;C:\Users\rfair\.m2\repository\org\antlr\antlr-runtime\3.4\antlr-runtime-3.4.jar;C:\Users\rfair\.m2\repository\org\antlr\stringtemplate\3.2.1\stringtemplate-3.2.1.jar;C:\Users\rfair\.m2\repository\org\apache\commons\commons-math\2.2\commons-math-2.2.jar;C:\Users\rfair\.m2\repository\com\netflix\archaius\archaius-core\0.7.6\archaius-core-0.7.6.jar;C:\Users\rfair\.m2\repository\javax\ws\rs\jsr311-api\1.1.1\jsr311-api-1.1.1.jar;C:\Users\rfair\.m2\repository\com\netflix\servo\servo-core\0.12.21\servo-core-0.12.21.jar;C:\Users\rfair\.m2\repository\com\sun\jersey\jersey-core\1.19.1\jersey-core-1.19.1.jar;C:\Users\rfair\.m2\repository\com\sun\jersey\jersey-client\1.19.1\jersey-client-1.19.1.jar;C:\Users\rfair\.m2\repository\com\sun\jersey\contribs\jersey-apache-client4\1.19.1\jersey-apache-client4-1.19.1.jar;C:\Users\rfair\.m2\repository\org\apache\httpcomponents\httpclient\4.5.6\httpclient-4.5.6.jar;C:\Users\rfair\.m2\repository\org\apache\httpcomponents\httpcore\4.4.10\httpcore-4.4.10.jar;C:\Users\rfair\.m2\repository\commons-codec\commons-codec\1.11\commons-codec-1.11.jar;C:\Users\rfair\.m2\repository\com\google\inject\guice\4.1.0\guice-4.1.0.jar;C:\Users\rfair\.m2\repository\javax\inject\javax.inject\1\javax.inject-1.jar;C:\Users\rfair\.m2\repository\aopalliance\aopalliance\1.0\aopalliance-1.0.jar;C:\Users\rfair\.m2\repository\com\github\vlsi\compactmap\compactmap\1.2.1\compactmap-1.2.1.jar;C:\Users\rfair\.m2\repository\com\github\andrewoma\dexx\dexx-collections\0.2\dexx-collections-0.2.jar;C:\Users\rfair\.m2\repository\com\netflix\eureka\eureka-core\1.9.8\eureka-core-1.9.8.jar;C:\Users\rfair\.m2\repository\org\codehaus\woodstox\woodstox-core-asl\4.4.1\woodstox-core-asl-4.4.1.jar;C:\Users\rfair\.m2\repository\javax\xml\stream\stax-api\1.0-2\stax-api-1.0-2.jar;C:\Users\rfair\.m2\repository\org\codehaus\woodstox\stax2-api\3.1.4\stax2-api-3.1.4.jar;C:\Users\rfair\.m2\repository\org\springframework\cloud\spring-cloud-starter-netflix-archaius\2.1.0.M3\spring-cloud-starter-netflix-archaius-2.1.0.M3.jar;C:\Users\rfair\.m2\repository\org\springframework\cloud\spring-cloud-netflix-ribbon\2.1.0.M3\spring-cloud-netflix-ribbon-2.1.0.M3.jar;C:\Users\rfair\.m2\repository\org\springframework\cloud\spring-cloud-netflix-archaius\2.1.0.M3\spring-cloud-netflix-archaius-2.1.0.M3.jar;C:\Users\rfair\.m2\repository\commons-configuration\commons-configuration\1.8\commons-configuration-1.8.jar;C:\Users\rfair\.m2\repository\commons-lang\commons-lang\2.6\commons-lang-2.6.jar;C:\Users\rfair\.m2\repository\org\springframework\cloud\spring-cloud-starter-netflix-ribbon\2.1.0.M3\spring-cloud-starter-netflix-ribbon-2.1.0.M3.jar;C:\Users\rfair\.m2\repository\com\netflix\ribbon\ribbon\2.3.0\ribbon-2.3.0.jar;C:\Users\rfair\.m2\repository\com\netflix\ribbon\ribbon-transport\2.3.0\ribbon-transport-2.3.0.jar;C:\Users\rfair\.m2\repository\io\reactivex\rxnetty-contexts\0.4.9\rxnetty-contexts-0.4.9.jar;C:\Users\rfair\.m2\repository\io\reactivex\rxnetty-servo\0.4.9\rxnetty-servo-0.4.9.jar;C:\Users\rfair\.m2\repository\com\netflix\hystrix\hystrix-core\1.5.12\hystrix-core-1.5.12.jar;C:\Users\rfair\.m2\repository\io\reactivex\rxnetty\0.4.9\rxnetty-0.4.9.jar;C:\Users\rfair\.m2\repository\com\netflix\ribbon\ribbon-core\2.3.0\ribbon-core-2.3.0.jar;C:\Users\rfair\.m2\repository\com\netflix\ribbon\ribbon-httpclient\2.3.0\ribbon-httpclient-2.3.0.jar;C:\Users\rfair\.m2\repository\commons-collections\commons-collections\3.2.2\commons-collections-3.2.2.jar;C:\Users\rfair\.m2\repository\com\netflix\netflix-commons\netflix-commons-util\0.3.0\netflix-commons-util-0.3.0.jar;C:\Users\rfair\.m2\repository\com\netflix\ribbon\ribbon-loadbalancer\2.3.0\ribbon-loadbalancer-2.3.0.jar;C:\Users\rfair\.m2\repository\com\netflix\netflix-commons\netflix-statistics\0.1.1\netflix-statistics-0.1.1.jar;C:\Users\rfair\.m2\repository\io\reactivex\rxjava\1.3.8\rxjava-1.3.8.jar;C:\Users\rfair\.m2\repository\com\netflix\ribbon\ribbon-eureka\2.3.0\ribbon-eureka-2.3.0.jar;C:\Users\rfair\.m2\repository\com\thoughtworks\xstream\xstream\1.4.10\xstream-1.4.10.jar;C:\Users\rfair\.m2\repository\xmlpull\xmlpull\1.1.3.1\xmlpull-1.1.3.1.jar;C:\Users\rfair\.m2\repository\xpp3\xpp3_min\1.1.4c\xpp3_min-1.1.4c.jar;C:\Users\rfair\.m2\repository\org\springframework\cloud\spring-cloud-starter-consul-all\2.1.0.M2\spring-cloud-starter-consul-all-2.1.0.M2.jar;C:\Users\rfair\.m2\repository\org\springframework\cloud\spring-cloud-starter-consul-bus\2.1.0.M2\spring-cloud-starter-consul-bus-2.1.0.M2.jar;C:\Users\rfair\.m2\repository\org\springframework\cloud\spring-cloud-starter-consul\2.1.0.M2\spring-cloud-starter-consul-2.1.0.M2.jar;C:\Users\rfair\.m2\repository\org\springframework\cloud\spring-cloud-consul-core\2.1.0.M2\spring-cloud-consul-core-2.1.0.M2.jar;C:\Users\rfair\.m2\repository\com\ecwid\consul\consul-api\1.4.1\consul-api-1.4.1.jar;C:\Users\rfair\.m2\repository\org\springframework\cloud\spring-cloud-consul-binder\2.1.0.M2\spring-cloud-consul-binder-2.1.0.M2.jar;C:\Users\rfair\.m2\repository\org\springframework\cloud\spring-cloud-stream\2.1.0.RC2\spring-cloud-stream-2.1.0.RC2.jar;C:\Users\rfair\.m2\repository\org\springframework\boot\spring-boot-starter-validation\2.1.1.RELEASE\spring-boot-starter-validation-2.1.1.RELEASE.jar;C:\Users\rfair\.m2\repository\org\springframework\spring-messaging\5.1.3.RELEASE\spring-messaging-5.1.3.RELEASE.jar;C:\Users\rfair\.m2\repository\org\springframework\integration\spring-integration-jmx\5.1.1.RELEASE\spring-integration-jmx-5.1.1.RELEASE.jar;C:\Users\rfair\.m2\repository\org\springframework\spring-tuple\1.0.0.RELEASE\spring-tuple-1.0.0.RELEASE.jar;C:\Users\rfair\.m2\repository\com\esotericsoftware\kryo-shaded\3.0.3\kryo-shaded-3.0.3.jar;C:\Users\rfair\.m2\repository\com\esotericsoftware\minlog\1.3.0\minlog-1.3.0.jar;C:\Users\rfair\.m2\repository\org\springframework\integration\spring-integration-tuple\1.0.0.RELEASE\spring-integration-tuple-1.0.0.RELEASE.jar;C:\Users\rfair\.m2\repository\org\springframework\retry\spring-retry\1.2.2.RELEASE\spring-retry-1.2.2.RELEASE.jar;C:\Users\rfair\.m2\repository\org\springframework\cloud\spring-cloud-function-context\2.0.0.RC2\spring-cloud-function-context-2.0.0.RC2.jar;C:\Users\rfair\.m2\repository\org\springframework\cloud\spring-cloud-function-core\2.0.0.RC2\spring-cloud-function-core-2.0.0.RC2.jar;C:\Users\rfair\.m2\repository\org\springframework\cloud\spring-cloud-bus\2.1.0.M2\spring-cloud-bus-2.1.0.M2.jar;C:\Users\rfair\.m2\repository\org\springframework\integration\spring-integration-core\5.1.1.RELEASE\spring-integration-core-5.1.1.RELEASE.jar;C:\Users\rfair\.m2\repository\io\projectreactor\reactor-core\3.2.3.RELEASE\reactor-core-3.2.3.RELEASE.jar;C:\Users\rfair\.m2\repository\org\reactivestreams\reactive-streams\1.0.2\reactive-streams-1.0.2.jar;C:\Users\rfair\.m2\repository\org\springframework\cloud\spring-cloud-starter-consul-config\2.1.0.M2\spring-cloud-starter-consul-config-2.1.0.M2.jar;C:\Users\rfair\.m2\repository\org\springframework\cloud\spring-cloud-consul-config\2.1.0.M2\spring-cloud-consul-config-2.1.0.M2.jar;C:\Users\rfair\.m2\repository\org\springframework\cloud\spring-cloud-starter-consul-discovery\2.1.0.M2\spring-cloud-starter-consul-discovery-2.1.0.M2.jar;C:\Users\rfair\.m2\repository\org\springframework\cloud\spring-cloud-consul-discovery\2.1.0.M2\spring-cloud-consul-discovery-2.1.0.M2.jar;C:\Users\rfair\.m2\repository\org\springframework\cloud\spring-cloud-netflix-core\2.1.0.M3\spring-cloud-netflix-core-2.1.0.M3.jar;C:\Users\rfair\.m2\repository\joda-time\joda-time\2.10.1\joda-time-2.10.1.jar;C:\Users\rfair\.m2\repository\org\springframework\cloud\spring-cloud-starter-zipkin\2.1.0.M2\spring-cloud-starter-zipkin-2.1.0.M2.jar;C:\Users\rfair\.m2\repository\org\springframework\cloud\spring-cloud-starter-sleuth\2.1.0.M2\spring-cloud-starter-sleuth-2.1.0.M2.jar;C:\Users\rfair\.m2\repository\org\springframework\cloud\spring-cloud-sleuth-core\2.1.0.M2\spring-cloud-sleuth-core-2.1.0.M2.jar;C:\Users\rfair\.m2\repository\org\aspectj\aspectjrt\1.9.2\aspectjrt-1.9.2.jar;C:\Users\rfair\.m2\repository\io\zipkin\brave\brave\5.4.4\brave-5.4.4.jar;C:\Users\rfair\.m2\repository\io\zipkin\brave\brave-context-log4j2\5.4.4\brave-context-log4j2-5.4.4.jar;C:\Users\rfair\.m2\repository\io\zipkin\brave\brave-instrumentation-spring-web\5.4.4\brave-instrumentation-spring-web-5.4.4.jar;C:\Users\rfair\.m2\repository\io\zipkin\brave\brave-instrumentation-http\5.4.4\brave-instrumentation-http-5.4.4.jar;C:\Users\rfair\.m2\repository\io\zipkin\brave\brave-instrumentation-spring-rabbit\5.4.4\brave-instrumentation-spring-rabbit-5.4.4.jar;C:\Users\rfair\.m2\repository\io\zipkin\brave\brave-instrumentation-kafka-clients\5.4.4\brave-instrumentation-kafka-clients-5.4.4.jar;C:\Users\rfair\.m2\repository\io\zipkin\brave\brave-instrumentation-httpclient\5.4.4\brave-instrumentation-httpclient-5.4.4.jar;C:\Users\rfair\.m2\repository\io\zipkin\brave\brave-instrumentation-httpasyncclient\5.4.4\brave-instrumentation-httpasyncclient-5.4.4.jar;C:\Users\rfair\.m2\repository\io\zipkin\brave\brave-instrumentation-spring-webmvc\5.4.4\brave-instrumentation-spring-webmvc-5.4.4.jar;C:\Users\rfair\.m2\repository\io\zipkin\brave\brave-instrumentation-servlet\5.4.4\brave-instrumentation-servlet-5.4.4.jar;C:\Users\rfair\.m2\repository\io\zipkin\brave\brave-instrumentation-jms\5.4.4\brave-instrumentation-jms-5.4.4.jar;C:\Users\rfair\.m2\repository\org\springframework\cloud\spring-cloud-sleuth-zipkin\2.1.0.M2\spring-cloud-sleuth-zipkin-2.1.0.M2.jar;C:\Users\rfair\.m2\repository\io\zipkin\zipkin2\zipkin\2.11.7\zipkin-2.11.7.jar;C:\Users\rfair\.m2\repository\io\zipkin\reporter2\zipkin-reporter\2.7.10\zipkin-reporter-2.7.10.jar;C:\Users\rfair\.m2\repository\io\zipkin\reporter2\zipkin-sender-kafka11\2.7.10\zipkin-sender-kafka11-2.7.10.jar;C:\Users\rfair\.m2\repository\io\zipkin\reporter2\zipkin-sender-amqp-client\2.7.10\zipkin-sender-amqp-client-2.7.10.jar;C:\Users\rfair\.m2\repository\org\springframework\boot\spring-boot-starter-test\2.1.1.RELEASE\spring-boot-starter-test-2.1.1.RELEASE.jar;C:\Users\rfair\.m2\repository\org\springframework\boot\spring-boot-test\2.1.1.RELEASE\spring-boot-test-2.1.1.RELEASE.jar;C:\Users\rfair\.m2\repository\org\springframework\boot\spring-boot-test-autoconfigure\2.1.1.RELEASE\spring-boot-test-autoconfigure-2.1.1.RELEASE.jar;C:\Users\rfair\.m2\repository\com\jayway\jsonpath\json-path\2.4.0\json-path-2.4.0.jar;C:\Users\rfair\.m2\repository\net\minidev\json-smart\2.3\json-smart-2.3.jar;C:\Users\rfair\.m2\repository\net\minidev\accessors-smart\1.2\accessors-smart-1.2.jar;C:\Users\rfair\.m2\repository\org\ow2\asm\asm\5.0.4\asm-5.0.4.jar;C:\Users\rfair\.m2\repository\junit\junit\4.12\junit-4.12.jar;C:\Users\rfair\.m2\repository\org\assertj\assertj-core\3.11.1\assertj-core-3.11.1.jar;C:\Users\rfair\.m2\repository\org\mockito\mockito-core\2.23.4\mockito-core-2.23.4.jar;C:\Users\rfair\.m2\repository\net\bytebuddy\byte-buddy-agent\1.9.5\byte-buddy-agent-1.9.5.jar;C:\Users\rfair\.m2\repository\org\objenesis\objenesis\2.6\objenesis-2.6.jar;C:\Users\rfair\.m2\repository\org\hamcrest\hamcrest-core\1.3\hamcrest-core-1.3.jar;C:\Users\rfair\.m2\repository\org\hamcrest\hamcrest-library\1.3\hamcrest-library-1.3.jar;C:\Users\rfair\.m2\repository\org\skyscreamer\jsonassert\1.5.0\jsonassert-1.5.0.jar;C:\Users\rfair\.m2\repository\com\vaadin\external\google\android-json\0.0.20131108.vaadin1\android-json-0.0.20131108.vaadin1.jar;C:\Users\rfair\.m2\repository\org\springframework\spring-core\5.1.3.RELEASE\spring-core-5.1.3.RELEASE.jar;C:\Users\rfair\.m2\repository\org\springframework\spring-jcl\5.1.3.RELEASE\spring-jcl-5.1.3.RELEASE.jar;C:\Users\rfair\.m2\repository\org\springframework\spring-test\5.1.3.RELEASE\spring-test-5.1.3.RELEASE.jar;C:\Users\rfair\.m2\repository\org\xmlunit\xmlunit-core\2.6.2\xmlunit-core-2.6.2.jar;C:\Users\rfair\.m2\repository\io\zeebe\zeebe-test\0.17.0\zeebe-test-0.17.0.jar;C:\Users\rfair\.m2\repository\io\zeebe\zeebe-broker-core\0.17.0\zeebe-broker-core-0.17.0.jar;C:\Users\rfair\.m2\repository\org\msgpack\jackson-dataformat-msgpack\0.8.16\jackson-dataformat-msgpack-0.8.16.jar;C:\Users\rfair\.m2\repository\com\fasterxml\jackson\dataformat\jackson-dataformat-yaml\2.9.7\jackson-dataformat-yaml-2.9.7.jar;C:\Users\rfair\.m2\repository\io\zeebe\zeebe-logstreams\0.17.0\zeebe-logstreams-0.17.0.jar;C:\Users\rfair\.m2\repository\io\zeebe\zeebe-protocol-impl\0.17.0\zeebe-protocol-impl-0.17.0.jar;C:\Users\rfair\.m2\repository\io\zeebe\zeebe-raft\0.17.0\zeebe-raft-0.17.0.jar;C:\Users\rfair\.m2\repository\io\zeebe\zeebe-gossip\0.17.0\zeebe-gossip-0.17.0.jar;C:\Users\rfair\.m2\repository\io\zeebe\zeebe-msgpack-core\0.17.0\zeebe-msgpack-core-0.17.0.jar;C:\Users\rfair\.m2\repository\io\zeebe\zeebe-msgpack-json-el\0.17.0\zeebe-msgpack-json-el-0.17.0.jar;C:\Users\rfair\.m2\repository\org\scala-lang\scala-library\2.12.8\scala-library-2.12.8.jar;C:\Users\rfair\.m2\repository\org\scala-lang\modules\scala-parser-combinators_2.12\1.0.6\scala-parser-combinators_2.12-1.0.6.jar;C:\Users\rfair\.m2\repository\uk\co\real-logic\sbe-tool\1.12.4\sbe-tool-1.12.4.jar;C:\Users\rfair\.m2\repository\org\agrona\agrona\0.9.35\agrona-0.9.35.jar;C:\Users\rfair\.m2\repository\io\zeebe\zeebe-msgpack-json-path\0.17.0\zeebe-msgpack-json-path-0.17.0.jar;C:\Users\rfair\.m2\repository\io\zeebe\zeebe-msgpack-value\0.17.0\zeebe-msgpack-value-0.17.0.jar;C:\Users\rfair\.m2\repository\io\zeebe\zeebe-db\0.17.0\zeebe-db-0.17.0.jar;C:\Users\rfair\.m2\repository\org\rocksdb\rocksdbjni\5.17.2\rocksdbjni-5.17.2.jar;C:\Users\rfair\.m2\repository\io\zeebe\zeebe-dispatcher\0.17.0\zeebe-dispatcher-0.17.0.jar;C:\Users\rfair\.m2\repository\io\netty\netty-codec-http\4.1.31.Final\netty-codec-http-4.1.31.Final.jar;C:\Users\rfair\.m2\repository\io\netty\netty-buffer\4.1.31.Final\netty-buffer-4.1.31.Final.jar;C:\Users\rfair\.m2\repository\io\netty\netty-common\4.1.31.Final\netty-common-4.1.31.Final.jar;C:\Users\rfair\.m2\repository\io\netty\netty-codec\4.1.31.Final\netty-codec-4.1.31.Final.jar;C:\Users\rfair\.m2\repository\io\netty\netty-transport\4.1.31.Final\netty-transport-4.1.31.Final.jar;C:\Users\rfair\.m2\repository\io\netty\netty-resolver\4.1.31.Final\netty-resolver-4.1.31.Final.jar;C:\Users\rfair\.m2\repository\io\zeebe\zeebe-exporter-api\0.17.0\zeebe-exporter-api-0.17.0.jar;C:\Users\rfair\.m2\repository\io\zeebe\zeebe-gateway\0.17.0\zeebe-gateway-0.17.0.jar;C:\Users\rfair\.m2\repository\org\msgpack\msgpack-core\0.8.16\msgpack-core-0.8.16.jar;C:\Users\rfair\.m2\repository\io\zeebe\zeebe-service-container\0.17.0\zeebe-service-container-0.17.0.jar;C:\Users\rfair\.m2\repository\io\zeebe\zeebe-protocol\0.17.0\zeebe-protocol-0.17.0.jar;C:\Users\rfair\.m2\repository\io\zeebe\zeebe-transport\0.17.0\zeebe-transport-0.17.0.jar;C:\Users\rfair\.m2\repository\io\zeebe\zeebe-test-util\0.17.0\zeebe-test-util-0.17.0.jar;C:\Users\rfair\.m2\repository\one\util\streamex\0.6.8\streamex-0.6.8.jar;C:\Users\rfair\.m2\repository\org\hamcrest\hamcrest\2.1\hamcrest-2.1.jar;C:\Users\rfair\.m2\repository\com\moandjiezana\toml\toml4j\0.7.2\toml4j-0.7.2.jar;C:\Users\rfair\.m2\repository\com\orness\gandalf\core\library\grpc-java-client\0.0.1-SNAPSHOT\grpc-java-client-0.0.1-SNAPSHOT.jar;C:\Users\rfair\.m2\repository\io\grpc\grpc-protobuf\1.16.1\grpc-protobuf-1.16.1.jar;C:\Users\rfair\.m2\repository\com\google\api\grpc\proto-google-common-protos\1.12.0\proto-google-common-protos-1.12.0.jar;C:\Users\rfair\.m2\repository\io\grpc\grpc-protobuf-lite\1.16.1\grpc-protobuf-lite-1.16.1.jar;C:\Users\rfair\.m2\repository\com\orness\gandalf\core\module\grpc-message-bus-module\0.0.1-SNAPSHOT\grpc-message-bus-module-0.0.1-SNAPSHOT.jar;C:\Users\rfair\.m2\repository\com\orness\gandalf\core\module\grpc-message-workflow-engine-module\0.0.1-SNAPSHOT\grpc-message-workflow-engine-module-0.0.1-SNAPSHOT.jar;C:\Users\rfair\.m2\repository\com\orness\gandalf\core\module\message-module\0.0.1-SNAPSHOT\message-module-0.0.1-SNAPSHOT.jar;"/>
    <property name="sun.cpu.endian" value="little"/>
    <property name="user.home" value="C:\Users\rfair"/>
    <property name="user.language" value="fr"/>
    <property name="java.specification.vendor" value="Oracle Corporation"/>
    <property name="java.home" value="C:\Program Files\Java\jdk1.8.0_211\jre"/>
    <property name="basedir" value="D:\ProjetOrness\gandalf\core\service\workflow-service"/>
    <property name="file.separator" value="\"/>
    <property name="line.separator" value="&#10;"/>
    <property name="java.vm.specification.vendor" value="Oracle Corporation"/>
    <property name="java.specification.name" value="Java Platform API Specification"/>
    <property name="java.awt.graphicsenv" value="sun.awt.Win32GraphicsEnvironment"/>
    <property name="surefire.real.class.path" value="C:\Users\rfair\AppData\Local\Temp\surefire2237775214203721470\surefirebooter4256692029932358459.jar"/>
    <property name="sun.boot.class.path" value="C:\Program Files\Java\jdk1.8.0_211\jre\lib\resources.jar;C:\Program Files\Java\jdk1.8.0_211\jre\lib\rt.jar;C:\Program Files\Java\jdk1.8.0_211\jre\lib\sunrsasign.jar;C:\Program Files\Java\jdk1.8.0_211\jre\lib\jsse.jar;C:\Program Files\Java\jdk1.8.0_211\jre\lib\jce.jar;C:\Program Files\Java\jdk1.8.0_211\jre\lib\charsets.jar;C:\Program Files\Java\jdk1.8.0_211\jre\lib\jfr.jar;C:\Program Files\Java\jdk1.8.0_211\jre\classes"/>
    <property name="user.script" value=""/>
    <property name="sun.management.compiler" value="HotSpot 64-Bit Tiered Compilers"/>
    <property name="java.runtime.version" value="1.8.0_211-b12"/>
    <property name="user.name" value="rfair"/>
    <property name="path.separator" value=";"/>
    <property name="os.version" value="10.0"/>
    <property name="java.endorsed.dirs" value="C:\Program Files\Java\jdk1.8.0_211\jre\lib\endorsed"/>
    <property name="java.runtime.name" value="Java(TM) SE Runtime Environment"/>
    <property name="file.encoding" value="Cp1252"/>
    <property name="java.vm.name" value="Java HotSpot(TM) 64-Bit Server VM"/>
    <property name="localRepository" value="C:\Users\rfair\.m2\repository"/>
    <property name="java.vendor.url.bug" value="http://bugreport.sun.com/bugreport/"/>
    <property name="java.io.tmpdir" value="C:\Users\rfair\AppData\Local\Temp\"/>
    <property name="java.version" value="1.8.0_211"/>
    <property name="user.dir" value="D:\ProjetOrness\gandalf\core\service\workflow-service"/>
    <property name="os.arch" value="amd64"/>
    <property name="java.vm.specification.name" value="Java Virtual Machine Specification"/>
    <property name="java.awt.printerjob" value="sun.awt.windows.WPrinterJob"/>
    <property name="idea.version2019.1.3" value="true"/>
    <property name="sun.os.patch.level" value=""/>
    <property name="java.library.path" value="C:\Program Files\Java\jdk1.8.0_211\jre\bin;C:\WINDOWS\Sun\Java\bin;C:\WINDOWS\system32;C:\WINDOWS;C:\Program Files (x86)\Intel\iCLS Client\;C:\Program Files\Intel\iCLS Client\;C:\windows\system32;C:\windows;C:\windows\System32\Wbem;C:\windows\System32\WindowsPowerShell\v1.0\;C:\Program Files (x86)\NVIDIA Corporation\PhysX\Common;D:\Git\cmd;C:\WINDOWS\system32;C:\WINDOWS;C:\WINDOWS\System32\Wbem;C:\WINDOWS\System32\WindowsPowerShell\v1.0\;C:\Program Files\dotnet\;C:\Program Files\Microsoft SQL Server\130\Tools\Binn\;C:\Program Files (x86)\Intel\Intel(R) Management Engine Components\DAL;C:\Program Files\Intel\Intel(R) Management Engine Components\DAL;C:\Program Files (x86)\Intel\Intel(R) Management Engine Components\IPT;C:\Program Files\Intel\Intel(R) Management Engine Components\IPT;C:\WINDOWS\System32\OpenSSH\;C:\Program Files\Intel\WiFi\bin\;C:\Program Files\Common Files\Intel\WirelessCommon\;C:\Program Files\NVIDIA Corporation\NVIDIA NvDLISR;C:\Program Files\Java\jdk1.8.0_211\bin\;D:\ProjetOrness\protoc-gen-grpc-java\;D:\ProjetOrness\zookeeper-3.4.14\bin;C:\Users\rfair\AppData\Local\Programs\Python\Python37-32\Scripts\;C:\Users\rfair\AppData\Local\Programs\Python\Python37-32\;C:\Users\rfair\AppData\Local\Microsoft\WindowsApps;C:\Users\rfair\AppData\Local\Programs\MiKTeX 2.9\miktex\bin\x64\;;C:\Program Files\JetBrains\PyCharm Community Edition 2019.1.1\bin;;."/>
    <property name="java.vm.info" value="mixed mode"/>
    <property name="java.vendor" value="Oracle Corporation"/>
    <property name="java.vm.version" value="25.211-b12"/>
    <property name="java.ext.dirs" value="C:\Program Files\Java\jdk1.8.0_211\jre\lib\ext;C:\WINDOWS\Sun\Java\lib\ext"/>
    <property name="sun.io.unicode.encoding" value="UnicodeLittle"/>
    <property name="java.class.version" value="52.0"/>
  </properties>
  <testcase name="test" classname="com.orness.gandalf.core.service.workflowservice.WorkflowServiceApplicationTests" time="0.004">
    <error message="Failed to load ApplicationContext" type="java.lang.IllegalStateException">java.lang.IllegalStateException: Failed to load ApplicationContext
Caused by: org.springframework.beans.factory.NoSuchBeanDefinitionException: No bean named 'configServerRetryInterceptor' available
</error>
    <system-out><![CDATA[16:37:53.542 [main] DEBUG org.springframework.test.context.junit4.SpringJUnit4ClassRunner - SpringJUnit4ClassRunner constructor called with [class com.orness.gandalf.core.service.workflowservice.WorkflowServiceApplicationTests]
16:37:53.548 [main] DEBUG org.springframework.test.context.BootstrapUtils - Instantiating CacheAwareContextLoaderDelegate from class [org.springframework.test.context.cache.DefaultCacheAwareContextLoaderDelegate]
16:37:53.556 [main] DEBUG org.springframework.test.context.BootstrapUtils - Instantiating BootstrapContext using constructor [public org.springframework.test.context.support.DefaultBootstrapContext(java.lang.Class,org.springframework.test.context.CacheAwareContextLoaderDelegate)]
16:37:53.575 [main] DEBUG org.springframework.test.context.BootstrapUtils - Instantiating TestContextBootstrapper for test class [com.orness.gandalf.core.service.workflowservice.WorkflowServiceApplicationTests] from class [org.springframework.boot.test.context.SpringBootTestContextBootstrapper]
16:37:53.587 [main] INFO org.springframework.boot.test.context.SpringBootTestContextBootstrapper - Neither @ContextConfiguration nor @ContextHierarchy found for test class [com.orness.gandalf.core.service.workflowservice.WorkflowServiceApplicationTests], using SpringBootContextLoader
16:37:53.591 [main] DEBUG org.springframework.test.context.support.AbstractContextLoader - Did not detect default resource location for test class [com.orness.gandalf.core.service.workflowservice.WorkflowServiceApplicationTests]: class path resource [com/orness/gandalf/core/service/workflowservice/WorkflowServiceApplicationTests-context.xml] does not exist
16:37:53.591 [main] DEBUG org.springframework.test.context.support.AbstractContextLoader - Did not detect default resource location for test class [com.orness.gandalf.core.service.workflowservice.WorkflowServiceApplicationTests]: class path resource [com/orness/gandalf/core/service/workflowservice/WorkflowServiceApplicationTestsContext.groovy] does not exist
16:37:53.592 [main] INFO org.springframework.test.context.support.AbstractContextLoader - Could not detect default resource locations for test class [com.orness.gandalf.core.service.workflowservice.WorkflowServiceApplicationTests]: no resource found for suffixes {-context.xml, Context.groovy}.
16:37:53.593 [main] INFO org.springframework.test.context.support.AnnotationConfigContextLoaderUtils - Could not detect default configuration classes for test class [com.orness.gandalf.core.service.workflowservice.WorkflowServiceApplicationTests]: WorkflowServiceApplicationTests does not declare any static, non-private, non-final, nested classes annotated with @Configuration.
16:37:53.644 [main] DEBUG org.springframework.test.context.support.ActiveProfilesUtils - Could not find an 'annotation declaring class' for annotation type [org.springframework.test.context.ActiveProfiles] and class [com.orness.gandalf.core.service.workflowservice.WorkflowServiceApplicationTests]
16:37:53.715 [main] DEBUG org.springframework.context.annotation.ClassPathScanningCandidateComponentProvider - Identified candidate component class: file [D:\ProjetOrness\gandalf\core\service\workflow-service\target\classes\com\orness\gandalf\core\service\workflowservice\WorkflowServiceApplication.class]
16:37:53.716 [main] INFO org.springframework.boot.test.context.SpringBootTestContextBootstrapper - Found @SpringBootConfiguration com.orness.gandalf.core.service.workflowservice.WorkflowServiceApplication for test class com.orness.gandalf.core.service.workflowservice.WorkflowServiceApplicationTests
16:37:53.833 [main] DEBUG org.springframework.boot.test.context.SpringBootTestContextBootstrapper - @TestExecutionListeners is not present for class [com.orness.gandalf.core.service.workflowservice.WorkflowServiceApplicationTests]: using defaults.
16:37:53.834 [main] INFO org.springframework.boot.test.context.SpringBootTestContextBootstrapper - Loaded default TestExecutionListener class names from location [META-INF/spring.factories]: [org.springframework.boot.test.mock.mockito.MockitoTestExecutionListener, org.springframework.boot.test.mock.mockito.ResetMocksTestExecutionListener, org.springframework.boot.test.autoconfigure.restdocs.RestDocsTestExecutionListener, org.springframework.boot.test.autoconfigure.web.client.MockRestServiceServerResetTestExecutionListener, org.springframework.boot.test.autoconfigure.web.servlet.MockMvcPrintOnlyOnFailureTestExecutionListener, org.springframework.boot.test.autoconfigure.web.servlet.WebDriverTestExecutionListener, org.springframework.test.context.web.ServletTestExecutionListener, org.springframework.test.context.support.DirtiesContextBeforeModesTestExecutionListener, org.springframework.test.context.support.DependencyInjectionTestExecutionListener, org.springframework.test.context.support.DirtiesContextTestExecutionListener, org.springframework.test.context.transaction.TransactionalTestExecutionListener, org.springframework.test.context.jdbc.SqlScriptsTestExecutionListener]
16:37:53.854 [main] INFO org.springframework.boot.test.context.SpringBootTestContextBootstrapper - Using TestExecutionListeners: [org.springframework.test.context.web.ServletTestExecutionListener@2805d709, org.springframework.test.context.support.DirtiesContextBeforeModesTestExecutionListener@3ee37e5a, org.springframework.boot.test.mock.mockito.MockitoTestExecutionListener@2ea41516, org.springframework.boot.test.autoconfigure.SpringBootDependencyInjectionTestExecutionListener@3a44431a, org.springframework.test.context.support.DirtiesContextTestExecutionListener@3c7f66c4, org.springframework.test.context.transaction.TransactionalTestExecutionListener@194bcebf, org.springframework.test.context.jdbc.SqlScriptsTestExecutionListener@17497425, org.springframework.boot.test.mock.mockito.ResetMocksTestExecutionListener@f0da945, org.springframework.boot.test.autoconfigure.restdocs.RestDocsTestExecutionListener@4803b726, org.springframework.boot.test.autoconfigure.web.client.MockRestServiceServerResetTestExecutionListener@ffaa6af, org.springframework.boot.test.autoconfigure.web.servlet.MockMvcPrintOnlyOnFailureTestExecutionListener@53ce1329, org.springframework.boot.test.autoconfigure.web.servlet.WebDriverTestExecutionListener@316bcf94]
16:37:53.857 [main] DEBUG org.springframework.test.annotation.ProfileValueUtils - Retrieved @ProfileValueSourceConfiguration [null] for test class [com.orness.gandalf.core.service.workflowservice.WorkflowServiceApplicationTests]
16:37:53.858 [main] DEBUG org.springframework.test.annotation.ProfileValueUtils - Retrieved ProfileValueSource type [class org.springframework.test.annotation.SystemProfileValueSource] for class [com.orness.gandalf.core.service.workflowservice.WorkflowServiceApplicationTests]
16:37:53.859 [main] DEBUG org.springframework.test.annotation.ProfileValueUtils - Retrieved @ProfileValueSourceConfiguration [null] for test class [com.orness.gandalf.core.service.workflowservice.WorkflowServiceApplicationTests]
16:37:53.859 [main] DEBUG org.springframework.test.annotation.ProfileValueUtils - Retrieved ProfileValueSource type [class org.springframework.test.annotation.SystemProfileValueSource] for class [com.orness.gandalf.core.service.workflowservice.WorkflowServiceApplicationTests]
16:37:53.860 [main] DEBUG org.springframework.test.annotation.ProfileValueUtils - Retrieved @ProfileValueSourceConfiguration [null] for test class [com.orness.gandalf.core.service.workflowservice.WorkflowServiceApplicationTests]
16:37:53.860 [main] DEBUG org.springframework.test.annotation.ProfileValueUtils - Retrieved ProfileValueSource type [class org.springframework.test.annotation.SystemProfileValueSource] for class [com.orness.gandalf.core.service.workflowservice.WorkflowServiceApplicationTests]
16:37:53.865 [main] DEBUG org.springframework.test.context.support.AbstractDirtiesContextTestExecutionListener - Before test class: context [DefaultTestContext@1b11171f testClass = WorkflowServiceApplicationTests, testInstance = [null], testMethod = [null], testException = [null], mergedContextConfiguration = [WebMergedContextConfiguration@1151e434 testClass = WorkflowServiceApplicationTests, locations = '{}', classes = '{class com.orness.gandalf.core.service.workflowservice.WorkflowServiceApplication}', contextInitializerClasses = '[]', activeProfiles = '{}', propertySourceLocations = '{}', propertySourceProperties = '{org.springframework.boot.test.context.SpringBootTestContextBootstrapper=true}', contextCustomizers = set[org.springframework.boot.test.context.filter.ExcludeFilterContextCustomizer@6293abcc, org.springframework.boot.test.json.DuplicateJsonObjectContextCustomizerFactory$DuplicateJsonObjectContextCustomizer@70be0a2b, org.springframework.boot.test.mock.mockito.MockitoContextCustomizer@0, org.springframework.boot.test.web.client.TestRestTemplateContextCustomizer@3b07a0d6, org.springframework.boot.test.autoconfigure.properties.PropertyMappingContextCustomizer@0, org.springframework.boot.test.autoconfigure.web.servlet.WebDriverContextCustomizerFactory$Customizer@47542153], resourceBasePath = 'src/main/webapp', contextLoader = 'org.springframework.boot.test.context.SpringBootContextLoader', parent = [null]], attributes = map['org.springframework.test.context.web.ServletTestExecutionListener.activateListener' -> true]], class annotated with @DirtiesContext [false] with mode [null].
16:37:53.866 [main] DEBUG org.springframework.test.annotation.ProfileValueUtils - Retrieved @ProfileValueSourceConfiguration [null] for test class [com.orness.gandalf.core.service.workflowservice.WorkflowServiceApplicationTests]
16:37:53.867 [main] DEBUG org.springframework.test.annotation.ProfileValueUtils - Retrieved ProfileValueSource type [class org.springframework.test.annotation.SystemProfileValueSource] for class [com.orness.gandalf.core.service.workflowservice.WorkflowServiceApplicationTests]
16:37:53.892 [main] DEBUG org.springframework.test.context.support.TestPropertySourceUtils - Adding inlined properties to environment: {spring.jmx.enabled=false, org.springframework.boot.test.context.SpringBootTestContextBootstrapper=true, server.port=-1}
2019-06-12 16:37:54.929  INFO [workflow-service,,,] 7004 --- [           main] trationDelegate$BeanPostProcessorChecker : Bean 'org.springframework.retry.annotation.RetryConfiguration' of type [org.springframework.retry.annotation.RetryConfiguration$$EnhancerBySpringCGLIB$$f0c9c646] is not eligible for getting processed by all BeanPostProcessors (for example: not eligible for auto-proxying)
2019-06-12 16:37:54.938  INFO [workflow-service,,,] 7004 --- [           main] trationDelegate$BeanPostProcessorChecker : Bean 'configurationPropertiesRebinderAutoConfiguration' of type [org.springframework.cloud.autoconfigure.ConfigurationPropertiesRebinderAutoConfiguration$$EnhancerBySpringCGLIB$$1720311e] is not eligible for getting processed by all BeanPostProcessors (for example: not eligible for auto-proxying)

  .   ____          _            __ _ _
 /\\ / ___'_ __ _ _(_)_ __  __ _ \ \ \ \
( ( )\___ | '_ | '_| | '_ \/ _` | \ \ \ \
 \\/  ___)| |_)| | | | | || (_| |  ) ) ) )
  '  |____| .__|_| |_|_| |_\__, | / / / /
 =========|_|==============|___/=/_/_/_/
 :: Spring Boot ::        (v2.1.1.RELEASE)

2019-06-12 16:37:56.073 ERROR [workflow-service,,,] 7004 --- [           main] o.s.b.d.LoggingFailureAnalysisReporter   : 

***************************
APPLICATION FAILED TO START
***************************

Description:

A component required a bean named 'configServerRetryInterceptor' that could not be found.


Action:

Consider defining a bean named 'configServerRetryInterceptor' in your configuration.

2019-06-12 16:37:56.077 ERROR [workflow-service,,,] 7004 --- [           main] o.s.test.context.TestContextManager      : Caught exception while allowing TestExecutionListener [org.springframework.test.context.web.ServletTestExecutionListener@2805d709] to prepare test instance [com.orness.gandalf.core.service.workflowservice.WorkflowServiceApplicationTests@7e97551f]

java.lang.IllegalStateException: Failed to load ApplicationContext
	at org.springframework.test.context.cache.DefaultCacheAwareContextLoaderDelegate.loadContext(DefaultCacheAwareContextLoaderDelegate.java:125) ~[spring-test-5.1.3.RELEASE.jar:5.1.3.RELEASE]
	at org.springframework.test.context.support.DefaultTestContext.getApplicationContext(DefaultTestContext.java:108) ~[spring-test-5.1.3.RELEASE.jar:5.1.3.RELEASE]
	at org.springframework.test.context.web.ServletTestExecutionListener.setUpRequestContextIfNecessary(ServletTestExecutionListener.java:190) ~[spring-test-5.1.3.RELEASE.jar:5.1.3.RELEASE]
	at org.springframework.test.context.web.ServletTestExecutionListener.prepareTestInstance(ServletTestExecutionListener.java:132) ~[spring-test-5.1.3.RELEASE.jar:5.1.3.RELEASE]
	at org.springframework.test.context.TestContextManager.prepareTestInstance(TestContextManager.java:246) ~[spring-test-5.1.3.RELEASE.jar:5.1.3.RELEASE]
	at org.springframework.test.context.junit4.SpringJUnit4ClassRunner.createTest(SpringJUnit4ClassRunner.java:227) [spring-test-5.1.3.RELEASE.jar:5.1.3.RELEASE]
	at org.springframework.test.context.junit4.SpringJUnit4ClassRunner$1.runReflectiveCall(SpringJUnit4ClassRunner.java:289) [spring-test-5.1.3.RELEASE.jar:5.1.3.RELEASE]
	at org.junit.internal.runners.model.ReflectiveCallable.run(ReflectiveCallable.java:12) [junit-4.12.jar:4.12]
	at org.springframework.test.context.junit4.SpringJUnit4ClassRunner.methodBlock(SpringJUnit4ClassRunner.java:291) [spring-test-5.1.3.RELEASE.jar:5.1.3.RELEASE]
	at org.springframework.test.context.junit4.SpringJUnit4ClassRunner.runChild(SpringJUnit4ClassRunner.java:246) [spring-test-5.1.3.RELEASE.jar:5.1.3.RELEASE]
	at org.springframework.test.context.junit4.SpringJUnit4ClassRunner.runChild(SpringJUnit4ClassRunner.java:97) [spring-test-5.1.3.RELEASE.jar:5.1.3.RELEASE]
	at org.junit.runners.ParentRunner$3.run(ParentRunner.java:290) [junit-4.12.jar:4.12]
	at org.junit.runners.ParentRunner$1.schedule(ParentRunner.java:71) [junit-4.12.jar:4.12]
	at org.junit.runners.ParentRunner.runChildren(ParentRunner.java:288) [junit-4.12.jar:4.12]
	at org.junit.runners.ParentRunner.access$000(ParentRunner.java:58) [junit-4.12.jar:4.12]
	at org.junit.runners.ParentRunner$2.evaluate(ParentRunner.java:268) [junit-4.12.jar:4.12]
	at org.springframework.test.context.junit4.statements.RunBeforeTestClassCallbacks.evaluate(RunBeforeTestClassCallbacks.java:61) [spring-test-5.1.3.RELEASE.jar:5.1.3.RELEASE]
	at org.springframework.test.context.junit4.statements.RunAfterTestClassCallbacks.evaluate(RunAfterTestClassCallbacks.java:70) [spring-test-5.1.3.RELEASE.jar:5.1.3.RELEASE]
	at org.junit.runners.ParentRunner.run(ParentRunner.java:363) [junit-4.12.jar:4.12]
	at org.springframework.test.context.junit4.SpringJUnit4ClassRunner.run(SpringJUnit4ClassRunner.java:190) [spring-test-5.1.3.RELEASE.jar:5.1.3.RELEASE]
	at org.apache.maven.surefire.junit4.JUnit4Provider.execute(JUnit4Provider.java:365) [surefire-junit4-2.22.1.jar:2.22.1]
	at org.apache.maven.surefire.junit4.JUnit4Provider.executeWithRerun(JUnit4Provider.java:273) [surefire-junit4-2.22.1.jar:2.22.1]
	at org.apache.maven.surefire.junit4.JUnit4Provider.executeTestSet(JUnit4Provider.java:238) [surefire-junit4-2.22.1.jar:2.22.1]
	at org.apache.maven.surefire.junit4.JUnit4Provider.invoke(JUnit4Provider.java:159) [surefire-junit4-2.22.1.jar:2.22.1]
	at org.apache.maven.surefire.booter.ForkedBooter.invokeProviderInSameClassLoader(ForkedBooter.java:384) [surefire-booter-2.22.1.jar:2.22.1]
	at org.apache.maven.surefire.booter.ForkedBooter.runSuitesInProcess(ForkedBooter.java:345) [surefire-booter-2.22.1.jar:2.22.1]
	at org.apache.maven.surefire.booter.ForkedBooter.execute(ForkedBooter.java:126) [surefire-booter-2.22.1.jar:2.22.1]
	at org.apache.maven.surefire.booter.ForkedBooter.main(ForkedBooter.java:418) [surefire-booter-2.22.1.jar:2.22.1]
Caused by: org.springframework.beans.factory.NoSuchBeanDefinitionException: No bean named 'configServerRetryInterceptor' available
	at org.springframework.beans.factory.support.DefaultListableBeanFactory.getBeanDefinition(DefaultListableBeanFactory.java:772) ~[spring-beans-5.1.3.RELEASE.jar:5.1.3.RELEASE]
	at org.springframework.beans.factory.support.AbstractBeanFactory.getMergedLocalBeanDefinition(AbstractBeanFactory.java:1221) ~[spring-beans-5.1.3.RELEASE.jar:5.1.3.RELEASE]
	at org.springframework.beans.factory.support.AbstractBeanFactory.doGetBean(AbstractBeanFactory.java:294) ~[spring-beans-5.1.3.RELEASE.jar:5.1.3.RELEASE]
	at org.springframework.beans.factory.support.AbstractBeanFactory.getBean(AbstractBeanFactory.java:204) ~[spring-beans-5.1.3.RELEASE.jar:5.1.3.RELEASE]
	at org.springframework.retry.annotation.AnnotationAwareRetryOperationsInterceptor.getDelegate(AnnotationAwareRetryOperationsInterceptor.java:180) ~[spring-retry-1.2.2.RELEASE.jar:na]
	at org.springframework.retry.annotation.AnnotationAwareRetryOperationsInterceptor.invoke(AnnotationAwareRetryOperationsInterceptor.java:151) ~[spring-retry-1.2.2.RELEASE.jar:na]
	at org.springframework.aop.framework.ReflectiveMethodInvocation.proceed(ReflectiveMethodInvocation.java:186) ~[spring-aop-5.1.3.RELEASE.jar:5.1.3.RELEASE]
	at org.springframework.aop.framework.CglibAopProxy$DynamicAdvisedInterceptor.intercept(CglibAopProxy.java:688) ~[spring-aop-5.1.3.RELEASE.jar:5.1.3.RELEASE]
	at org.springframework.cloud.config.client.ConfigServicePropertySourceLocator$$EnhancerBySpringCGLIB$$6f0e7ec4.locate(<generated>) ~[spring-cloud-config-client-2.1.0.M3.jar:2.1.0.M3]
	at org.springframework.cloud.bootstrap.config.PropertySourceBootstrapConfiguration.initialize(PropertySourceBootstrapConfiguration.java:94) ~[spring-cloud-context-2.1.0.M2.jar:2.1.0.M2]
	at org.springframework.boot.SpringApplication.applyInitializers(SpringApplication.java:649) ~[spring-boot-2.1.1.RELEASE.jar:2.1.1.RELEASE]
	at org.springframework.boot.SpringApplication.prepareContext(SpringApplication.java:373) ~[spring-boot-2.1.1.RELEASE.jar:2.1.1.RELEASE]
	at org.springframework.boot.SpringApplication.run(SpringApplication.java:314) ~[spring-boot-2.1.1.RELEASE.jar:2.1.1.RELEASE]
	at org.springframework.boot.test.context.SpringBootContextLoader.loadContext(SpringBootContextLoader.java:127) ~[spring-boot-test-2.1.1.RELEASE.jar:2.1.1.RELEASE]
	at org.springframework.test.context.cache.DefaultCacheAwareContextLoaderDelegate.loadContextInternal(DefaultCacheAwareContextLoaderDelegate.java:99) ~[spring-test-5.1.3.RELEASE.jar:5.1.3.RELEASE]
	at org.springframework.test.context.cache.DefaultCacheAwareContextLoaderDelegate.loadContext(DefaultCacheAwareContextLoaderDelegate.java:117) ~[spring-test-5.1.3.RELEASE.jar:5.1.3.RELEASE]
	... 27 common frames omitted

]]></system-out>
  </testcase>
</testsuite>